000 (18789575.000.000) 2024-05-13 10:25:18 Job submitted from host: <10.14.0.121:9618?addrs=10.14.0.121-9618+[fde1-53ba-e9a0-de11-c925-65-8543-e173]-9618&alias=ldas-pcdev12.ligo.caltech.edu&noUDP&sock=schedd_15451_ade7>
...
001 (18789575.000.000) 2024-05-13 10:27:42 Job executing on host: <10.14.9.77:9618?addrs=10.14.9.77-9618&alias=node2077.cluster.ldas.cit&noUDP&sock=startd_3662_67e8>
	SlotName: slot1_10@node2077.cluster.ldas.cit
	CondorScratchDir = "/local/condor/execute/dir_747534"
	Cpus = 16
	Disk = 1150180
	GPUs = 0
	Memory = 16384
...
006 (18789575.000.000) 2024-05-13 10:27:50 Image size of job updated: 174504
	171  -  MemoryUsage of job (MB)
	174408  -  ResidentSetSize of job (KB)
...
006 (18789575.000.000) 2024-05-13 10:32:50 Image size of job updated: 1936052
	1800  -  MemoryUsage of job (MB)
	1843036  -  ResidentSetSize of job (KB)
...
006 (18789575.000.000) 2024-05-13 10:37:51 Image size of job updated: 1953888
	1800  -  MemoryUsage of job (MB)
	1843036  -  ResidentSetSize of job (KB)
...
005 (18789575.000.000) 2024-05-13 11:03:21 Job terminated.
	(1) Normal termination (return value 0)
		Usr 0 12:00:26, Sys 0 00:05:53  -  Run Remote Usage
		Usr 0 00:00:00, Sys 0 00:00:00  -  Run Local Usage
		Usr 0 12:00:26, Sys 0 00:05:53  -  Total Remote Usage
		Usr 0 00:00:00, Sys 0 00:00:00  -  Total Local Usage
	0  -  Run Bytes Sent By Job
	0  -  Run Bytes Received By Job
	0  -  Total Bytes Sent By Job
	0  -  Total Bytes Received By Job
	Partitionable Resources :    Usage  Request Allocated 
	   Cpus                 :    19.53       16        16 
	   Disk (KB)            : 17500     1048576   1150180 
	   GPUs                 :                           0 
	   Memory (MB)          :  1800       16384     16384 
	   TimeExecute (s)      :  2139                       
	   TimeSlotBusy (s)     :  2139                       

	Job terminated of its own accord at 2024-05-13T18:03:21Z with exit-code 0.
...
