000 (40091114.000.000) 2025-07-11 04:02:09 Job submitted from host: <10.14.0.121:9618?addrs=10.14.0.121-9618&alias=ldas-pcdev12.ligo.caltech.edu&noUDP&sock=schedd_14898_5e08>
...
001 (40091114.000.000) 2025-07-11 04:04:57 Job executing on host: <10.14.9.169:9618?addrs=10.14.9.169-9618&alias=node2169.cluster.ldas.cit&noUDP&sock=startd_3518_a244>
	SlotName: slot1_1@node2169.cluster.ldas.cit
	CondorScratchDir = "/var/lib/condor/execute/dir_3193474"
	Cpus = 4
	Disk = 1049600
	GPUs = 0
	Memory = 16384
...
006 (40091114.000.000) 2025-07-11 04:05:08 Image size of job updated: 49152
	48  -  MemoryUsage of job (MB)
	49152  -  ResidentSetSize of job (KB)
...
006 (40091114.000.000) 2025-07-11 04:10:08 Image size of job updated: 836680
	542  -  MemoryUsage of job (MB)
	554308  -  ResidentSetSize of job (KB)
...
006 (40091114.000.000) 2025-07-11 04:12:48 Image size of job updated: 2520744
	542  -  MemoryUsage of job (MB)
	554308  -  ResidentSetSize of job (KB)
...
005 (40091114.000.000) 2025-07-11 04:12:48 Job terminated.
	(1) Normal termination (return value 0)
		Usr 0 00:19:43, Sys 0 00:01:01  -  Run Remote Usage
		Usr 0 00:00:00, Sys 0 00:00:00  -  Run Local Usage
		Usr 0 00:19:43, Sys 0 00:01:01  -  Total Remote Usage
		Usr 0 00:00:00, Sys 0 00:00:00  -  Total Local Usage
	0  -  Run Bytes Sent By Job
	0  -  Run Bytes Received By Job
	0  -  Total Bytes Sent By Job
	0  -  Total Bytes Received By Job
	Partitionable Resources :    Usage  Request Allocated 
	   Cpus                 :                 4         4 
	   Disk (KB)            :    17500  1048576   1049600 
	   GPUs                 :                           0 
	   Memory (MB)          :      542    16384     16384 
	   TimeExecute (s)      :      471                    
	   TimeSlotBusy (s)     :      486                    
...
