lal.MSUN_SI != Msun
__name__ = gwsurrogate.new.spline_evaluation
__package__= gwsurrogate.new
Analysing data with SNR of 20.
{'ecc10sqrd': 0.04000000000000001, 'chirp_mass': 24, 'symmetric_mass_ratio': 0.2222222222222222, 'chi_eff': 0}
Peak SNR of 19.39880666541 found in 19.460301876068115 seconds.
{'chirp_mass': 24.190731410552292, 'symmetric_mass_ratio': 0.19502418033181987, 'chi_eff': 0.1353709141914854, 'ecc10sqrd': 0}
lal.MSUN_SI != Msun
__name__ = gwsurrogate.new.spline_evaluation
__package__= gwsurrogate.new
lal.MSUN_SI != Msun
__name__ = gwsurrogate.new.spline_evaluation
__package__= gwsurrogate.new
lal.MSUN_SI != Msun
__name__ = gwsurrogate.new.spline_evaluation
__package__= gwsurrogate.new
Fiducial point found in 468.764963388443 seconds.
{'ecc10sqrd': 0.010848284102204965, 'chirp_mass': 24.042917665002392, 'symmetric_mass_ratio': 0.19421490513478676, 'chi_eff': 0.12691532205026124}
Generated grid in 532.6733784675598 seconds.
Single detector SNRs calculated:
rho_0: 19.28
phi_0: -1.76
rho_1: 2.63
phi_1: -2.73
rho_-1: 0.99
phi_-1: 2.94
Created parameter samples in 9.561517000198364 seconds.
[0.05297142 0.1183637  0.22714574]
Found peak parameters:
{'MA': Array([5.2590261]), 'ecc10sqrd': Array([0.00911568]), 'chirp_mass': Array([24.06652529]), 'symmetric_mass_ratio': Array([0.19434416]), 'chi_eff': Array([0.12826578]), 'mass_ratio': array([0.35885275]), 'inverted_mass_ratio': array([2.78665828]), 'total_mass': array([64.30881397]), 'distance': Array([1]), 'recal_MA': Array([3.7204236])}
Harmonic SNR of
rho_0: 19.28, phi_0: 1.93
rho_1: 2.86, phi_1: -0.36
rho_-1: 0.42, phi_-1: 2.43
rho_2: 0.37, phi_2: 3.07
lal.MSUN_SI != Msun
__name__ = gwsurrogate.new.spline_evaluation
__package__= gwsurrogate.new
lal.MSUN_SI != Msun
__name__ = gwsurrogate.new.spline_evaluation
__package__= gwsurrogate.new
Generated new metric and samples in 476.20151925086975 seconds.
Calculated interpolation grid and performed rejection sampling in 573.539541721344 seconds.
Mean eccentricity found to be 0.163 with 90% credible interval of 0.074 - 0.239.
lal.MSUN_SI != Msun
__name__ = gwsurrogate.new.spline_evaluation
__package__= gwsurrogate.new
