000 (27146612.000.000) 2025-01-27 14:34:52 Job submitted from host: <10.14.0.121:9618?addrs=10.14.0.121-9618&alias=ldas-pcdev12.ligo.caltech.edu&noUDP&sock=schedd_7658_545a>
...
001 (27146612.000.000) 2025-01-27 14:35:25 Job executing on host: <10.14.9.108:9618?addrs=10.14.9.108-9618&alias=node2108.cluster.ldas.cit&noUDP&sock=startd_2583_4d37>
	SlotName: slot1_4@node2108.cluster.ldas.cit
	CondorScratchDir = "/var/lib/condor/execute/dir_15724"
	Cpus = 16
	Disk = 1049600
	GPUs = 0
	Memory = 32768
...
006 (27146612.000.000) 2025-01-27 14:35:33 Image size of job updated: 171148
	168  -  MemoryUsage of job (MB)
	171148  -  ResidentSetSize of job (KB)
...
006 (27146612.000.000) 2025-01-27 14:40:33 Image size of job updated: 3323440
	3246  -  MemoryUsage of job (MB)
	3323440  -  ResidentSetSize of job (KB)
...
006 (27146612.000.000) 2025-01-27 14:45:34 Image size of job updated: 3432708
	3353  -  MemoryUsage of job (MB)
	3432708  -  ResidentSetSize of job (KB)
...
006 (27146612.000.000) 2025-01-27 14:50:34 Image size of job updated: 3451792
	3371  -  MemoryUsage of job (MB)
	3451792  -  ResidentSetSize of job (KB)
...
006 (27146612.000.000) 2025-01-27 14:55:34 Image size of job updated: 3458136
	3371  -  MemoryUsage of job (MB)
	3451792  -  ResidentSetSize of job (KB)
...
005 (27146612.000.000) 2025-01-27 15:10:26 Job terminated.
	(1) Normal termination (return value 0)
		Usr 0 11:15:53, Sys 0 00:02:41  -  Run Remote Usage
		Usr 0 00:00:00, Sys 0 00:00:00  -  Run Local Usage
		Usr 0 11:15:53, Sys 0 00:02:41  -  Total Remote Usage
		Usr 0 00:00:00, Sys 0 00:00:00  -  Total Local Usage
	0  -  Run Bytes Sent By Job
	0  -  Run Bytes Received By Job
	0  -  Total Bytes Sent By Job
	0  -  Total Bytes Received By Job
	Partitionable Resources :    Usage  Request Allocated 
	   Cpus                 :                16        16 
	   Disk (KB)            :    17500  1048576   1049600 
	   GPUs                 :                           0 
	   Memory (MB)          :     3371    32768     32768 
	   TimeExecute (s)      :     2101                    
	   TimeSlotBusy (s)     :     2101                    

	Job terminated of its own accord at 2025-01-27T23:10:26Z with exit-code 0.
...
