000 (20149013.000.000) 2024-08-29 08:51:17 Job submitted from host: <10.14.0.121:9618?addrs=10.14.0.121-9618+[fde1-53ba-e9a0-de11-c925-65-8543-e173]-9618&alias=ldas-pcdev12.ligo.caltech.edu&noUDP&sock=schedd_7662_12bb>
...
001 (20149013.000.000) 2024-08-29 08:52:14 Job executing on host: <10.14.10.97:9618?addrs=10.14.10.97-9618&alias=node2347.cluster.ldas.cit&noUDP&sock=startd_3571_fcc9>
	SlotName: slot1_7@node2347.cluster.ldas.cit
	CondorScratchDir = "/local/condor/execute/dir_2833676"
	Cpus = 16
	Disk = 1049600
	GPUs = 0
	Memory = 16384
...
006 (20149013.000.000) 2024-08-29 08:52:22 Image size of job updated: 375076
	355  -  MemoryUsage of job (MB)
	362648  -  ResidentSetSize of job (KB)
...
006 (20149013.000.000) 2024-08-29 08:57:22 Image size of job updated: 12620448
	11123  -  MemoryUsage of job (MB)
	11389624  -  ResidentSetSize of job (KB)
...
006 (20149013.000.000) 2024-08-29 09:02:23 Image size of job updated: 13301012
	11141  -  MemoryUsage of job (MB)
	11408008  -  ResidentSetSize of job (KB)
...
006 (20149013.000.000) 2024-08-29 09:07:24 Image size of job updated: 13341684
	11141  -  MemoryUsage of job (MB)
	11408008  -  ResidentSetSize of job (KB)
...
006 (20149013.000.000) 2024-08-29 09:12:24 Image size of job updated: 13682536
	11141  -  MemoryUsage of job (MB)
	11408008  -  ResidentSetSize of job (KB)
...
006 (20149013.000.000) 2024-08-29 09:22:26 Image size of job updated: 13855768
	11835  -  MemoryUsage of job (MB)
	12118584  -  ResidentSetSize of job (KB)
...
006 (20149013.000.000) 2024-08-29 09:27:26 Image size of job updated: 13882084
	12853  -  MemoryUsage of job (MB)
	13161396  -  ResidentSetSize of job (KB)
...
006 (20149013.000.000) 2024-08-29 09:32:27 Image size of job updated: 13894208
	12853  -  MemoryUsage of job (MB)
	13161396  -  ResidentSetSize of job (KB)
...
006 (20149013.000.000) 2024-08-29 09:37:28 Image size of job updated: 14210292
	12853  -  MemoryUsage of job (MB)
	13161396  -  ResidentSetSize of job (KB)
...
006 (20149013.000.000) 2024-08-29 09:47:28 Image size of job updated: 14285868
	12853  -  MemoryUsage of job (MB)
	13161396  -  ResidentSetSize of job (KB)
...
005 (20149013.000.000) 2024-08-29 12:13:25 Job terminated.
	(1) Normal termination (return value 0)
		Usr 6 04:40:12, Sys 1 09:20:30  -  Run Remote Usage
		Usr 0 00:00:00, Sys 0 00:00:00  -  Run Local Usage
		Usr 6 04:40:12, Sys 1 09:20:30  -  Total Remote Usage
		Usr 0 00:00:00, Sys 0 00:00:00  -  Total Local Usage
	0  -  Run Bytes Sent By Job
	0  -  Run Bytes Received By Job
	0  -  Total Bytes Sent By Job
	0  -  Total Bytes Received By Job
	Partitionable Resources :    Usage  Request Allocated 
	   Cpus                 :    50.88       16        16 
	   Disk (KB)            : 17500     1048576   1049600 
	   GPUs                 :                           0 
	   Memory (MB)          : 12853       16384     16384 
	   TimeExecute (s)      : 12071                       
	   TimeSlotBusy (s)     : 12071                       

	Job terminated of its own accord at 2024-08-29T19:13:25Z with exit-code 0.
...
