000 (27853979.000.000) 2025-03-28 11:05:29 Job submitted from host: <10.14.0.121:9618?addrs=10.14.0.121-9618&alias=ldas-pcdev12.ligo.caltech.edu&noUDP&sock=schedd_14847_62b3>
...
001 (27853979.000.000) 2025-03-28 11:06:32 Job executing on host: <10.14.10.131:9618?addrs=10.14.10.131-9618&alias=node2381.cluster.ldas.cit&noUDP&sock=startd_2164282_0362>
	SlotName: slot1_5@node2381.cluster.ldas.cit
	CondorScratchDir = "/var/lib/condor/execute/dir_3796203"
	Cpus = 16
	Disk = 1049600
	GPUs = 0
	Memory = 16384
...
006 (27853979.000.000) 2025-03-28 11:06:40 Image size of job updated: 136932
	134  -  MemoryUsage of job (MB)
	136932  -  ResidentSetSize of job (KB)
...
006 (27853979.000.000) 2025-03-28 11:11:40 Image size of job updated: 4516564
	4411  -  MemoryUsage of job (MB)
	4516564  -  ResidentSetSize of job (KB)
...
006 (27853979.000.000) 2025-03-28 11:13:53 Image size of job updated: 4691548
	4413  -  MemoryUsage of job (MB)
	4517960  -  ResidentSetSize of job (KB)
...
005 (27853979.000.000) 2025-03-28 11:13:53 Job terminated.
	(1) Normal termination (return value 0)
		Usr 0 02:45:44, Sys 0 00:21:41  -  Run Remote Usage
		Usr 0 00:00:00, Sys 0 00:00:00  -  Run Local Usage
		Usr 0 02:45:44, Sys 0 00:21:41  -  Total Remote Usage
		Usr 0 00:00:00, Sys 0 00:00:00  -  Total Local Usage
	0  -  Run Bytes Sent By Job
	0  -  Run Bytes Received By Job
	0  -  Total Bytes Sent By Job
	0  -  Total Bytes Received By Job
	Partitionable Resources :    Usage  Request Allocated 
	   Cpus                 :                16        16 
	   Disk (KB)            :    17500  1048576   1049600 
	   GPUs                 :                           0 
	   Memory (MB)          :     4413    16384     16384 
	   TimeExecute (s)      :      441                    
	   TimeSlotBusy (s)     :      442                    

	Job terminated of its own accord at 2025-03-28T18:13:53Z with exit-code 0.
...
