000 (40582820.000.000) 2025-07-18 08:37:37 Job submitted from host: <10.14.0.121:9618?addrs=10.14.0.121-9618&alias=ldas-pcdev12.ligo.caltech.edu&noUDP&sock=schedd_14898_5e08>
...
001 (40582820.000.000) 2025-07-18 08:42:37 Job executing on host: <10.14.9.161:9618?addrs=10.14.9.161-9618&alias=node2161.cluster.ldas.cit&noUDP&sock=startd_1183868_8e7a>
	SlotName: slot1_4@node2161.cluster.ldas.cit
	CondorScratchDir = "/var/lib/condor/execute/dir_1756363"
	Cpus = 4
	Disk = 1049600
	GPUs = 0
	Memory = 16384
...
006 (40582820.000.000) 2025-07-18 08:42:49 Image size of job updated: 121288
	119  -  MemoryUsage of job (MB)
	121288  -  ResidentSetSize of job (KB)
...
006 (40582820.000.000) 2025-07-18 08:47:50 Image size of job updated: 825260
	770  -  MemoryUsage of job (MB)
	787840  -  ResidentSetSize of job (KB)
...
006 (40582820.000.000) 2025-07-18 08:51:28 Image size of job updated: 3504668
	770  -  MemoryUsage of job (MB)
	787840  -  ResidentSetSize of job (KB)
...
005 (40582820.000.000) 2025-07-18 08:51:30 Job terminated.
	(1) Normal termination (return value 0)
		Usr 0 00:22:42, Sys 0 00:01:22  -  Run Remote Usage
		Usr 0 00:00:00, Sys 0 00:00:00  -  Run Local Usage
		Usr 0 00:22:42, Sys 0 00:01:22  -  Total Remote Usage
		Usr 0 00:00:00, Sys 0 00:00:00  -  Total Local Usage
	0  -  Run Bytes Sent By Job
	0  -  Run Bytes Received By Job
	0  -  Total Bytes Sent By Job
	0  -  Total Bytes Received By Job
	Partitionable Resources :    Usage  Request Allocated 
	   Cpus                 :                 4         4 
	   Disk (KB)            :    17500  1048576   1049600 
	   GPUs                 :                           0 
	   Memory (MB)          :      770    16384     16384 
	   TimeExecute (s)      :      531                    
	   TimeSlotBusy (s)     :      531                    
...
