000 (33534425.000.000) 2025-06-17 07:46:10 Job submitted from host: <10.14.0.121:9618?addrs=10.14.0.121-9618&alias=ldas-pcdev12.ligo.caltech.edu&noUDP&sock=schedd_7306_e304>
...
001 (33534425.000.000) 2025-06-17 07:51:03 Job executing on host: <10.14.9.102:9618?addrs=10.14.9.102-9618&alias=node2102.cluster.ldas.cit&noUDP&sock=startd_3952_525f>
	SlotName: slot1_1@node2102.cluster.ldas.cit
	CondorScratchDir = "/var/lib/condor/execute/dir_413609"
	Cpus = 16
	Disk = 1049600
	GPUs = 0
	Memory = 16384
...
006 (33534425.000.000) 2025-06-17 07:51:11 Image size of job updated: 111932
	110  -  MemoryUsage of job (MB)
	111932  -  ResidentSetSize of job (KB)
...
006 (33534425.000.000) 2025-06-17 07:56:11 Image size of job updated: 909380
	889  -  MemoryUsage of job (MB)
	909380  -  ResidentSetSize of job (KB)
...
006 (33534425.000.000) 2025-06-17 08:01:12 Image size of job updated: 1073044
	984  -  MemoryUsage of job (MB)
	1006808  -  ResidentSetSize of job (KB)
...
006 (33534425.000.000) 2025-06-17 08:16:13 Image size of job updated: 4655124
	3837  -  MemoryUsage of job (MB)
	3928124  -  ResidentSetSize of job (KB)
...
006 (33534425.000.000) 2025-06-17 08:21:14 Image size of job updated: 4655124
	3838  -  MemoryUsage of job (MB)
	3929236  -  ResidentSetSize of job (KB)
...
005 (33534425.000.000) 2025-06-17 08:28:03 Job terminated.
	(1) Normal termination (return value 0)
		Usr 0 02:59:28, Sys 0 00:12:54  -  Run Remote Usage
		Usr 0 00:00:00, Sys 0 00:00:00  -  Run Local Usage
		Usr 0 02:59:28, Sys 0 00:12:54  -  Total Remote Usage
		Usr 0 00:00:00, Sys 0 00:00:00  -  Total Local Usage
	0  -  Run Bytes Sent By Job
	0  -  Run Bytes Received By Job
	0  -  Total Bytes Sent By Job
	0  -  Total Bytes Received By Job
	Partitionable Resources :    Usage  Request Allocated 
	   Cpus                 :                16        16 
	   Disk (KB)            :    17500  1048576   1049600 
	   GPUs                 :                           0 
	   Memory (MB)          :     3838    16384     16384 
	   TimeExecute (s)      :     2220                    
	   TimeSlotBusy (s)     :     2220                    

	Job terminated of its own accord at 2025-06-17T15:28:03Z with exit-code 0.
...
