000 (31638566.000.000) 2025-05-19 09:25:47 Job submitted from host: <10.14.0.121:9618?addrs=10.14.0.121-9618&alias=ldas-pcdev12.ligo.caltech.edu&noUDP&sock=schedd_7268_d26b>
...
001 (31638566.000.000) 2025-05-19 09:27:01 Job executing on host: <10.14.10.116:9618?addrs=10.14.10.116-9618&alias=node2366.cluster.ldas.cit&noUDP&sock=startd_599771_9900>
	SlotName: slot1_1@node2366.cluster.ldas.cit
	CondorScratchDir = "/var/lib/condor/execute/dir_2164443"
	Cpus = 16
	Disk = 1049600
	GPUs = 0
	Memory = 16384
...
006 (31638566.000.000) 2025-05-19 09:27:12 Image size of job updated: 76412
	75  -  MemoryUsage of job (MB)
	76412  -  ResidentSetSize of job (KB)
...
006 (31638566.000.000) 2025-05-19 09:32:13 Image size of job updated: 4664032
	4555  -  MemoryUsage of job (MB)
	4664032  -  ResidentSetSize of job (KB)
...
006 (31638566.000.000) 2025-05-19 09:37:13 Image size of job updated: 4817300
	4555  -  MemoryUsage of job (MB)
	4664032  -  ResidentSetSize of job (KB)
...
006 (31638566.000.000) 2025-05-19 09:42:14 Image size of job updated: 6711216
	4555  -  MemoryUsage of job (MB)
	4664032  -  ResidentSetSize of job (KB)
...
005 (31638566.000.000) 2025-05-19 09:42:28 Job terminated.
	(1) Normal termination (return value 0)
		Usr 0 05:22:41, Sys 0 00:58:30  -  Run Remote Usage
		Usr 0 00:00:00, Sys 0 00:00:00  -  Run Local Usage
		Usr 0 05:22:41, Sys 0 00:58:30  -  Total Remote Usage
		Usr 0 00:00:00, Sys 0 00:00:00  -  Total Local Usage
	0  -  Run Bytes Sent By Job
	0  -  Run Bytes Received By Job
	0  -  Total Bytes Sent By Job
	0  -  Total Bytes Received By Job
	Partitionable Resources :    Usage  Request Allocated 
	   Cpus                 :                16        16 
	   Disk (KB)            :    17500  1048576   1049600 
	   GPUs                 :                           0 
	   Memory (MB)          :     4555    16384     16384 
	   TimeExecute (s)      :      927                    
	   TimeSlotBusy (s)     :      927                    

	Job terminated of its own accord at 2025-05-19T16:42:28Z with exit-code 0.
...
