000 (39898220.000.000) 2025-07-08 09:06:20 Job submitted from host: <10.14.0.121:9618?addrs=10.14.0.121-9618&alias=ldas-pcdev12.ligo.caltech.edu&noUDP&sock=schedd_14898_5e08>
...
001 (39898220.000.000) 2025-07-08 09:20:01 Job executing on host: <10.14.9.72:9618?addrs=10.14.9.72-9618&alias=node2072.cluster.ldas.cit&noUDP&sock=startd_3875_8194>
	SlotName: slot1_2@node2072.cluster.ldas.cit
	CondorScratchDir = "/var/lib/condor/execute/dir_754275"
	Cpus = 4
	Disk = 1049600
	GPUs = 0
	Memory = 16384
...
006 (39898220.000.000) 2025-07-08 09:20:10 Image size of job updated: 123852
	121  -  MemoryUsage of job (MB)
	123852  -  ResidentSetSize of job (KB)
...
006 (39898220.000.000) 2025-07-08 09:25:11 Image size of job updated: 808764
	725  -  MemoryUsage of job (MB)
	741396  -  ResidentSetSize of job (KB)
...
006 (39898220.000.000) 2025-07-08 09:28:16 Image size of job updated: 2917728
	725  -  MemoryUsage of job (MB)
	741396  -  ResidentSetSize of job (KB)
...
005 (39898220.000.000) 2025-07-08 09:28:16 Job terminated.
	(1) Normal termination (return value 0)
		Usr 0 00:21:42, Sys 0 00:01:09  -  Run Remote Usage
		Usr 0 00:00:00, Sys 0 00:00:00  -  Run Local Usage
		Usr 0 00:21:42, Sys 0 00:01:09  -  Total Remote Usage
		Usr 0 00:00:00, Sys 0 00:00:00  -  Total Local Usage
	0  -  Run Bytes Sent By Job
	0  -  Run Bytes Received By Job
	0  -  Total Bytes Sent By Job
	0  -  Total Bytes Received By Job
	Partitionable Resources :    Usage  Request Allocated 
	   Cpus                 :                 4         4 
	   Disk (KB)            :    17500  1048576   1049600 
	   GPUs                 :                           0 
	   Memory (MB)          :      725    16384     16384 
	   TimeExecute (s)      :      495                    
	   TimeSlotBusy (s)     :      541                    
...
