000 (27467151.000.000) 2025-03-04 05:18:08 Job submitted from host: <10.14.0.121:9618?addrs=10.14.0.121-9618&alias=ldas-pcdev12.ligo.caltech.edu&noUDP&sock=schedd_15213_6e5d>
...
001 (27467151.000.000) 2025-03-04 05:19:28 Job executing on host: <10.14.10.34:9618?addrs=10.14.10.34-9618&alias=node2284.cluster.ldas.cit&noUDP&sock=startd_288261_a5e0>
	SlotName: slot1_1@node2284.cluster.ldas.cit
	CondorScratchDir = "/var/lib/condor/execute/dir_2953799"
	Cpus = 16
	Disk = 1049600
	GPUs = 0
	Memory = 16384
...
006 (27467151.000.000) 2025-03-04 05:19:36 Image size of job updated: 140328
	138  -  MemoryUsage of job (MB)
	140328  -  ResidentSetSize of job (KB)
...
006 (27467151.000.000) 2025-03-04 05:24:36 Image size of job updated: 481936
	357  -  MemoryUsage of job (MB)
	365424  -  ResidentSetSize of job (KB)
...
006 (27467151.000.000) 2025-03-04 05:29:37 Image size of job updated: 495332
	442  -  MemoryUsage of job (MB)
	451684  -  ResidentSetSize of job (KB)
...
006 (27467151.000.000) 2025-03-04 05:34:37 Image size of job updated: 16265296
	15885  -  MemoryUsage of job (MB)
	16265296  -  ResidentSetSize of job (KB)
...
006 (27467151.000.000) 2025-03-04 05:35:33 Image size of job updated: 16280508
	15885  -  MemoryUsage of job (MB)
	16265296  -  ResidentSetSize of job (KB)
...
005 (27467151.000.000) 2025-03-04 05:35:33 Job terminated.
	(1) Normal termination (return value 0)
		Usr 0 02:21:57, Sys 0 00:19:53  -  Run Remote Usage
		Usr 0 00:00:00, Sys 0 00:00:00  -  Run Local Usage
		Usr 0 02:21:57, Sys 0 00:19:53  -  Total Remote Usage
		Usr 0 00:00:00, Sys 0 00:00:00  -  Total Local Usage
	0  -  Run Bytes Sent By Job
	0  -  Run Bytes Received By Job
	0  -  Total Bytes Sent By Job
	0  -  Total Bytes Received By Job
	Partitionable Resources :    Usage  Request Allocated 
	   Cpus                 :                16        16 
	   Disk (KB)            :    17500  1048576   1049600 
	   GPUs                 :                           0 
	   Memory (MB)          :    15885    16384     16384 
	   TimeExecute (s)      :      965                    
	   TimeSlotBusy (s)     :      965                    

	Job terminated of its own accord at 2025-03-04T13:35:33Z with exit-code 0.
...
