000 (31638567.000.000) 2025-05-19 09:25:56 Job submitted from host: <10.14.0.121:9618?addrs=10.14.0.121-9618&alias=ldas-pcdev12.ligo.caltech.edu&noUDP&sock=schedd_7268_d26b>
...
001 (31638567.000.000) 2025-05-19 09:27:01 Job executing on host: <10.14.10.119:9618?addrs=10.14.10.119-9618&alias=node2369.cluster.ldas.cit&noUDP&sock=startd_4436_4e35>
	SlotName: slot1_3@node2369.cluster.ldas.cit
	CondorScratchDir = "/var/lib/condor/execute/dir_3915316"
	Cpus = 16
	Disk = 1049600
	GPUs = 0
	Memory = 16384
...
006 (31638567.000.000) 2025-05-19 09:27:12 Image size of job updated: 78456
	77  -  MemoryUsage of job (MB)
	78456  -  ResidentSetSize of job (KB)
...
006 (31638567.000.000) 2025-05-19 09:32:13 Image size of job updated: 998344
	545  -  MemoryUsage of job (MB)
	557388  -  ResidentSetSize of job (KB)
...
006 (31638567.000.000) 2025-05-19 09:37:13 Image size of job updated: 4780048
	4588  -  MemoryUsage of job (MB)
	4697300  -  ResidentSetSize of job (KB)
...
006 (31638567.000.000) 2025-05-19 09:42:14 Image size of job updated: 4780048
	4589  -  MemoryUsage of job (MB)
	4698592  -  ResidentSetSize of job (KB)
...
006 (31638567.000.000) 2025-05-19 09:56:41 Image size of job updated: 6621556
	4589  -  MemoryUsage of job (MB)
	4698592  -  ResidentSetSize of job (KB)
...
005 (31638567.000.000) 2025-05-19 09:56:41 Job terminated.
	(1) Normal termination (return value 0)
		Usr 0 06:11:15, Sys 0 00:49:45  -  Run Remote Usage
		Usr 0 00:00:00, Sys 0 00:00:00  -  Run Local Usage
		Usr 0 06:11:15, Sys 0 00:49:45  -  Total Remote Usage
		Usr 0 00:00:00, Sys 0 00:00:00  -  Total Local Usage
	0  -  Run Bytes Sent By Job
	0  -  Run Bytes Received By Job
	0  -  Total Bytes Sent By Job
	0  -  Total Bytes Received By Job
	Partitionable Resources :    Usage  Request Allocated 
	   Cpus                 :                16        16 
	   Disk (KB)            :    17500  1048576   1049600 
	   GPUs                 :                           0 
	   Memory (MB)          :     4589    16384     16384 
	   TimeExecute (s)      :     1780                    
	   TimeSlotBusy (s)     :     1780                    

	Job terminated of its own accord at 2025-05-19T16:56:41Z with exit-code 0.
...
