000 (27637658.000.000) 2025-03-17 08:42:10 Job submitted from host: <10.14.0.121:9618?addrs=10.14.0.121-9618&alias=ldas-pcdev12.ligo.caltech.edu&noUDP&sock=schedd_15209_affc>
...
001 (27637658.000.000) 2025-03-17 08:49:25 Job executing on host: <10.14.10.47:9618?addrs=10.14.10.47-9618&alias=node2297.cluster.ldas.cit&noUDP&sock=startd_1157261_5e1d>
	SlotName: slot1_9@node2297.cluster.ldas.cit
	CondorScratchDir = "/var/lib/condor/execute/dir_1170870"
	Cpus = 16
	Disk = 1049600
	GPUs = 0
	Memory = 16384
...
006 (27637658.000.000) 2025-03-17 08:49:34 Image size of job updated: 17500
	5  -  MemoryUsage of job (MB)
	4288  -  ResidentSetSize of job (KB)
...
006 (27637658.000.000) 2025-03-17 08:54:35 Image size of job updated: 201512
	197  -  MemoryUsage of job (MB)
	201512  -  ResidentSetSize of job (KB)
...
006 (27637658.000.000) 2025-03-17 08:59:35 Image size of job updated: 485076
	291  -  MemoryUsage of job (MB)
	297636  -  ResidentSetSize of job (KB)
...
006 (27637658.000.000) 2025-03-17 09:04:35 Image size of job updated: 485076
	296  -  MemoryUsage of job (MB)
	302836  -  ResidentSetSize of job (KB)
...
006 (27637658.000.000) 2025-03-17 09:09:36 Image size of job updated: 11712188
	11426  -  MemoryUsage of job (MB)
	11700088  -  ResidentSetSize of job (KB)
...
006 (27637658.000.000) 2025-03-17 09:11:35 Image size of job updated: 11741948
	11426  -  MemoryUsage of job (MB)
	11700172  -  ResidentSetSize of job (KB)
...
005 (27637658.000.000) 2025-03-17 09:14:57 Job terminated.
	(1) Normal termination (return value 0)
		Usr 0 02:32:32, Sys 0 00:19:32  -  Run Remote Usage
		Usr 0 00:00:00, Sys 0 00:00:00  -  Run Local Usage
		Usr 0 02:32:32, Sys 0 00:19:32  -  Total Remote Usage
		Usr 0 00:00:00, Sys 0 00:00:00  -  Total Local Usage
	0  -  Run Bytes Sent By Job
	0  -  Run Bytes Received By Job
	0  -  Total Bytes Sent By Job
	0  -  Total Bytes Received By Job
	Partitionable Resources :    Usage  Request Allocated 
	   Cpus                 :                16        16 
	   Disk (KB)            :    17500  1048576   1049600 
	   GPUs                 :                           0 
	   Memory (MB)          :    11426    16384     16384 
	   TimeExecute (s)      :     1522                    
	   TimeSlotBusy (s)     :     1523                    

	Job terminated of its own accord at 2025-03-17T16:11:35Z with exit-code 0.
...
