000 (18788534.000.000) 2024-05-12 09:53:47 Job submitted from host: <10.14.0.121:9618?addrs=10.14.0.121-9618+[fde1-53ba-e9a0-de11-c925-65-8543-e173]-9618&alias=ldas-pcdev12.ligo.caltech.edu&noUDP&sock=schedd_15451_ade7>
...
001 (18788534.000.000) 2024-05-12 09:54:55 Job executing on host: <10.14.9.68:9618?addrs=10.14.9.68-9618&alias=node2068.cluster.ldas.cit&noUDP&sock=startd_3772_db52>
	SlotName: slot1_3@node2068.cluster.ldas.cit
	CondorScratchDir = "/local/condor/execute/dir_866425"
	Cpus = 16
	Disk = 1150180
	GPUs = 0
	Memory = 16384
...
006 (18788534.000.000) 2024-05-12 09:55:04 Image size of job updated: 228744
	224  -  MemoryUsage of job (MB)
	228744  -  ResidentSetSize of job (KB)
...
006 (18788534.000.000) 2024-05-12 10:00:05 Image size of job updated: 4616852
	3756  -  MemoryUsage of job (MB)
	3845468  -  ResidentSetSize of job (KB)
...
006 (18788534.000.000) 2024-05-12 10:05:05 Image size of job updated: 4616852
	4055  -  MemoryUsage of job (MB)
	4151776  -  ResidentSetSize of job (KB)
...
006 (18788534.000.000) 2024-05-12 10:10:06 Image size of job updated: 4616852
	4055  -  MemoryUsage of job (MB)
	4152032  -  ResidentSetSize of job (KB)
...
006 (18788534.000.000) 2024-05-12 10:20:07 Image size of job updated: 4616852
	4134  -  MemoryUsage of job (MB)
	4232792  -  ResidentSetSize of job (KB)
...
006 (18788534.000.000) 2024-05-12 10:25:07 Image size of job updated: 4773080
	4578  -  MemoryUsage of job (MB)
	4687628  -  ResidentSetSize of job (KB)
...
006 (18788534.000.000) 2024-05-12 10:30:08 Image size of job updated: 4920528
	4769  -  MemoryUsage of job (MB)
	4882948  -  ResidentSetSize of job (KB)
...
006 (18788534.000.000) 2024-05-12 10:35:08 Image size of job updated: 5239652
	4962  -  MemoryUsage of job (MB)
	5080604  -  ResidentSetSize of job (KB)
...
006 (18788534.000.000) 2024-05-12 10:40:08 Image size of job updated: 5450552
	5111  -  MemoryUsage of job (MB)
	5232704  -  ResidentSetSize of job (KB)
...
006 (18788534.000.000) 2024-05-12 10:45:09 Image size of job updated: 5759136
	5437  -  MemoryUsage of job (MB)
	5566988  -  ResidentSetSize of job (KB)
...
006 (18788534.000.000) 2024-05-12 10:50:09 Image size of job updated: 5975312
	5679  -  MemoryUsage of job (MB)
	5815208  -  ResidentSetSize of job (KB)
...
006 (18788534.000.000) 2024-05-12 10:55:09 Image size of job updated: 6159408
	5718  -  MemoryUsage of job (MB)
	5854832  -  ResidentSetSize of job (KB)
...
006 (18788534.000.000) 2024-05-12 11:00:10 Image size of job updated: 6159408
	5821  -  MemoryUsage of job (MB)
	5960516  -  ResidentSetSize of job (KB)
...
006 (18788534.000.000) 2024-05-12 11:05:11 Image size of job updated: 6165256
	5821  -  MemoryUsage of job (MB)
	5960516  -  ResidentSetSize of job (KB)
...
006 (18788534.000.000) 2024-05-12 11:10:11 Image size of job updated: 6179100
	5821  -  MemoryUsage of job (MB)
	5960516  -  ResidentSetSize of job (KB)
...
006 (18788534.000.000) 2024-05-12 11:15:12 Image size of job updated: 6179100
	5822  -  MemoryUsage of job (MB)
	5961044  -  ResidentSetSize of job (KB)
...
006 (18788534.000.000) 2024-05-12 11:20:13 Image size of job updated: 6179100
	5823  -  MemoryUsage of job (MB)
	5962580  -  ResidentSetSize of job (KB)
...
006 (18788534.000.000) 2024-05-12 11:30:13 Image size of job updated: 6263428
	5823  -  MemoryUsage of job (MB)
	5962580  -  ResidentSetSize of job (KB)
...
006 (18788534.000.000) 2024-05-12 11:35:14 Image size of job updated: 6280372
	5924  -  MemoryUsage of job (MB)
	6065224  -  ResidentSetSize of job (KB)
...
006 (18788534.000.000) 2024-05-12 11:40:14 Image size of job updated: 6314500
	5924  -  MemoryUsage of job (MB)
	6065736  -  ResidentSetSize of job (KB)
...
006 (18788534.000.000) 2024-05-12 11:45:14 Image size of job updated: 6423268
	5924  -  MemoryUsage of job (MB)
	6065736  -  ResidentSetSize of job (KB)
...
006 (18788534.000.000) 2024-05-12 11:50:15 Image size of job updated: 6439216
	5924  -  MemoryUsage of job (MB)
	6065736  -  ResidentSetSize of job (KB)
...
006 (18788534.000.000) 2024-05-12 14:05:29 Image size of job updated: 6469436
	6009  -  MemoryUsage of job (MB)
	6153060  -  ResidentSetSize of job (KB)
...
006 (18788534.000.000) 2024-05-12 14:10:29 Image size of job updated: 6646452
	6199  -  MemoryUsage of job (MB)
	6347288  -  ResidentSetSize of job (KB)
...
006 (18788534.000.000) 2024-05-12 14:15:29 Image size of job updated: 6857644
	6510  -  MemoryUsage of job (MB)
	6665576  -  ResidentSetSize of job (KB)
...
006 (18788534.000.000) 2024-05-12 14:20:30 Image size of job updated: 7186140
	6625  -  MemoryUsage of job (MB)
	6783224  -  ResidentSetSize of job (KB)
...
006 (18788534.000.000) 2024-05-12 14:25:31 Image size of job updated: 7277016
	6915  -  MemoryUsage of job (MB)
	7080496  -  ResidentSetSize of job (KB)
...
006 (18788534.000.000) 2024-05-12 14:30:31 Image size of job updated: 7538888
	7327  -  MemoryUsage of job (MB)
	7501932  -  ResidentSetSize of job (KB)
...
006 (18788534.000.000) 2024-05-12 14:35:32 Image size of job updated: 7584132
	7327  -  MemoryUsage of job (MB)
	7501932  -  ResidentSetSize of job (KB)
...
005 (18788534.000.000) 2024-05-12 18:04:00 Job terminated.
	(1) Normal termination (return value 0)
		Usr 7 00:44:33, Sys 0 01:15:59  -  Run Remote Usage
		Usr 0 00:00:00, Sys 0 00:00:00  -  Run Local Usage
		Usr 7 00:44:33, Sys 0 01:15:59  -  Total Remote Usage
		Usr 0 00:00:00, Sys 0 00:00:00  -  Total Local Usage
	0  -  Run Bytes Sent By Job
	0  -  Run Bytes Received By Job
	0  -  Total Bytes Sent By Job
	0  -  Total Bytes Received By Job
	Partitionable Resources :    Usage  Request Allocated 
	   Cpus                 :    18.71       16        16 
	   Disk (KB)            : 17500     1048576   1150180 
	   GPUs                 :                           0 
	   Memory (MB)          :  7327       16384     16384 
	   TimeExecute (s)      : 29345                       
	   TimeSlotBusy (s)     : 29345                       

	Job terminated of its own accord at 2024-05-13T01:04:00Z with exit-code 0.
...
