000 (20364146.000.000) 2024-09-05 09:27:02 Job submitted from host: <10.14.0.121:9618?addrs=10.14.0.121-9618+[fde1-53ba-e9a0-de11-c925-65-8543-e173]-9618&alias=ldas-pcdev12.ligo.caltech.edu&noUDP&sock=schedd_7741_42b7>
...
001 (20364146.000.000) 2024-09-05 09:27:40 Job executing on host: <10.14.9.80:9618?addrs=10.14.9.80-9618&alias=node2080.cluster.ldas.cit&noUDP&sock=startd_9891_fb55>
	SlotName: slot1_18@node2080.cluster.ldas.cit
	CondorScratchDir = "/local/condor/execute/dir_278541"
	Cpus = 16
	Disk = 1049600
	GPUs = 0
	Memory = 16384
...
006 (20364146.000.000) 2024-09-05 09:27:48 Image size of job updated: 317720
	311  -  MemoryUsage of job (MB)
	317720  -  ResidentSetSize of job (KB)
...
006 (20364146.000.000) 2024-09-05 09:32:48 Image size of job updated: 5649184
	4780  -  MemoryUsage of job (MB)
	4894628  -  ResidentSetSize of job (KB)
...
006 (20364146.000.000) 2024-09-05 09:37:49 Image size of job updated: 5716528
	4782  -  MemoryUsage of job (MB)
	4896164  -  ResidentSetSize of job (KB)
...
006 (20364146.000.000) 2024-09-05 09:42:50 Image size of job updated: 5759932
	5180  -  MemoryUsage of job (MB)
	5303884  -  ResidentSetSize of job (KB)
...
006 (20364146.000.000) 2024-09-05 09:47:50 Image size of job updated: 7708812
	7164  -  MemoryUsage of job (MB)
	7335680  -  ResidentSetSize of job (KB)
...
006 (20364146.000.000) 2024-09-05 09:52:50 Image size of job updated: 7961624
	7267  -  MemoryUsage of job (MB)
	7441172  -  ResidentSetSize of job (KB)
...
006 (20364146.000.000) 2024-09-05 09:57:51 Image size of job updated: 8020864
	7268  -  MemoryUsage of job (MB)
	7441940  -  ResidentSetSize of job (KB)
...
005 (20364146.000.000) 2024-09-05 14:30:05 Job terminated.
	(1) Normal termination (return value 0)
		Usr 5 04:27:22, Sys 0 03:00:32  -  Run Remote Usage
		Usr 0 00:00:00, Sys 0 00:00:00  -  Run Local Usage
		Usr 5 04:27:22, Sys 0 03:00:32  -  Total Remote Usage
		Usr 0 00:00:00, Sys 0 00:00:00  -  Total Local Usage
	0  -  Run Bytes Sent By Job
	0  -  Run Bytes Received By Job
	0  -  Total Bytes Sent By Job
	0  -  Total Bytes Received By Job
	Partitionable Resources :    Usage  Request Allocated 
	   Cpus                 :    24.18       16        16 
	   Disk (KB)            : 17500     1048576   1049600 
	   GPUs                 :                           0 
	   Memory (MB)          :  7268       16384     16384 
	   TimeExecute (s)      : 18145                       
	   TimeSlotBusy (s)     : 18146                       

	Job terminated of its own accord at 2024-09-05T21:30:05Z with exit-code 0.
...
