000 (17527122.000.000) 2024-03-27 08:37:57 Job submitted from host: <10.14.0.121:9618?addrs=10.14.0.121-9618+[fde1-53ba-e9a0-de11-c925-65-8543-e173]-9618&alias=ldas-pcdev12.ligo.caltech.edu&noUDP&sock=schedd_444802_c0e0>
...
001 (17527122.000.000) 2024-03-27 08:38:39 Job executing on host: <10.14.9.73:9618?addrs=10.14.9.73-9618&alias=node2073.cluster.ldas.cit&noUDP&sock=startd_9945_0573>
	SlotName: slot1_4@node2073.cluster.ldas.cit
	CondorScratchDir = "/local/condor/execute/dir_333770"
	Cpus = 16
	Disk = 1117636
	GPUs = 0
	Memory = 16384
...
006 (17527122.000.000) 2024-03-27 08:38:47 Image size of job updated: 233788
	229  -  MemoryUsage of job (MB)
	233788  -  ResidentSetSize of job (KB)
...
006 (17527122.000.000) 2024-03-27 08:43:47 Image size of job updated: 3185060
	2891  -  MemoryUsage of job (MB)
	2960208  -  ResidentSetSize of job (KB)
...
006 (17527122.000.000) 2024-03-27 08:48:48 Image size of job updated: 3185060
	2895  -  MemoryUsage of job (MB)
	2964112  -  ResidentSetSize of job (KB)
...
006 (17527122.000.000) 2024-03-27 08:53:49 Image size of job updated: 3191032
	2895  -  MemoryUsage of job (MB)
	2964112  -  ResidentSetSize of job (KB)
...
005 (17527122.000.000) 2024-03-27 09:01:18 Job terminated.
	(1) Normal termination (return value 0)
		Usr 0 08:18:52, Sys 0 00:04:35  -  Run Remote Usage
		Usr 0 00:00:00, Sys 0 00:00:00  -  Run Local Usage
		Usr 0 08:18:52, Sys 0 00:04:35  -  Total Remote Usage
		Usr 0 00:00:00, Sys 0 00:00:00  -  Total Local Usage
	0  -  Run Bytes Sent By Job
	0  -  Run Bytes Received By Job
	0  -  Total Bytes Sent By Job
	0  -  Total Bytes Received By Job
	Partitionable Resources :    Usage  Request Allocated 
	   Cpus                 :    22.24       16        16 
	   Disk (KB)            : 17500     1048576   1117636 
	   GPUs                 :                           0 
	   Memory (MB)          :  2895       16384     16384 
	   TimeExecute (s)      :  1359                       
	   TimeSlotBusy (s)     :  1359                       

	Job terminated of its own accord at 2024-03-27T16:01:18Z with exit-code 0.
...
