000 (18208253.000.000) 2024-04-12 06:29:46 Job submitted from host: <10.14.0.121:9618?addrs=10.14.0.121-9618+[fde1-53ba-e9a0-de11-c925-65-8543-e173]-9618&alias=ldas-pcdev12.ligo.caltech.edu&noUDP&sock=schedd_7909_7ea0>
...
001 (18208253.000.000) 2024-04-12 06:31:22 Job executing on host: <10.14.10.37:9618?addrs=10.14.10.37-9618&alias=node2287.cluster.ldas.cit&noUDP&sock=startd_3950_f32e>
	SlotName: slot1_18@node2287.cluster.ldas.cit
	CondorScratchDir = "/local/condor/execute/dir_3070406"
	Cpus = 16
	Disk = 1144469
	GPUs = 0
	Memory = 16384
...
006 (18208253.000.000) 2024-04-12 06:31:31 Image size of job updated: 1553124
	1513  -  MemoryUsage of job (MB)
	1548816  -  ResidentSetSize of job (KB)
...
006 (18208253.000.000) 2024-04-12 06:36:32 Image size of job updated: 2307104
	2084  -  MemoryUsage of job (MB)
	2134016  -  ResidentSetSize of job (KB)
...
006 (18208253.000.000) 2024-04-12 06:41:33 Image size of job updated: 2343768
	2086  -  MemoryUsage of job (MB)
	2135092  -  ResidentSetSize of job (KB)
...
005 (18208253.000.000) 2024-04-12 06:42:19 Job terminated.
	(1) Normal termination (return value 0)
		Usr 0 07:13:25, Sys 0 00:06:53  -  Run Remote Usage
		Usr 0 00:00:00, Sys 0 00:00:00  -  Run Local Usage
		Usr 0 07:13:25, Sys 0 00:06:53  -  Total Remote Usage
		Usr 0 00:00:00, Sys 0 00:00:00  -  Total Local Usage
	0  -  Run Bytes Sent By Job
	0  -  Run Bytes Received By Job
	0  -  Total Bytes Sent By Job
	0  -  Total Bytes Received By Job
	Partitionable Resources :    Usage  Request Allocated 
	   Cpus                 :    37.85       16        16 
	   Disk (KB)            : 17500     1048576   1144469 
	   GPUs                 :                           0 
	   Memory (MB)          :  2086       16384     16384 
	   TimeExecute (s)      :   657                       
	   TimeSlotBusy (s)     :   657                       

	Job terminated of its own accord at 2024-04-12T13:42:19Z with exit-code 0.
...
