lal.MSUN_SI != Msun
__name__ = gwsurrogate.new.spline_evaluation
__package__= gwsurrogate.new
Generate data waveform.
{'ecc10sqrd': 0.04000000000000001, 'chirp_mass': 23.808698744046815, 'symmetric_mass_ratio': 0.2222222222222222, 'chi_eff': 0.0}
true: 0.11275149453335584, test: 0.18029210532026638, moving to e=0.15959355568537403
Tolerance down to 0.599021867217287 after 1 iteration(s).
true: 0.1832210733873722, test: 0.1975309890205415, moving to e=0.1720581170768838
Tolerance down to 0.0781019091778531 after 2 iteration(s).
true: 0.21216538085488237, test: 0.21642813742286945, moving to e=0.1755150517836192
Tolerance down to 0.020091668823683993 after 3 iteration(s).
true: 0.19467403713136155, test: 0.20680242772484328, moving to e=0.18644981809573144
Tolerance down to 0.06230101749673875 after 4 iteration(s).
true: 0.21014420257662386, test: 0.21444680730867746, moving to e=0.1902672913345505
Tolerance down to 0.020474534530567228 after 5 iteration(s).
true: 0.22209742225693793, test: 0.21948231897463524, moving to e=0.18802697439152807
Tolerance down to 0.011774577371174318 after 6 iteration(s).
true: 0.21326528641389214, test: 0.21874668259793273, moving to e=0.19285968935070902
Tolerance down to 0.025702242855420134 after 7 iteration(s).
true: 0.242734354896381, test: 0.21846088913561085, moving to e=0.17357369636432024
Tolerance down to 0.1000001247088904 after 8 iteration(s).
true: 0.20793829401965766, test: 0.2153792180311092, moving to e=0.17978490768122937
Tolerance down to 0.03578428901964596 after 9 iteration(s).
true: 0.19965830560280018, test: 0.21342126161989586, moving to e=0.1921779397140509
Tolerance down to 0.06893254941507755 after 10 iteration(s).
true: 0.23724037413329585, test: 0.22329820171557793, moving to e=0.18088400216162712
Tolerance down to 0.058768126920438805 after 11 iteration(s).
true: 0.20205265977673756, test: 0.20823100876591155, moving to e=0.18641505774460193
Tolerance down to 0.030577914668388394 after 12 iteration(s).
true: 0.2105818332151938, test: 0.21564297745381403, moving to e=0.19089537535363332
Tolerance down to 0.02403409715522913 after 13 iteration(s).
true: 0.23100811838677596, test: 0.2207816330329718, moving to e=0.18244463875703312
Tolerance down to 0.04426894355583641 after 14 iteration(s).
true: 0.2135322797745851, test: 0.21509772103527147, moving to e=0.1837821712631384
Tolerance down to 0.007331169143789018 after 15 iteration(s).
Found best point in 73.17244482040405 seconds.
{'ecc10sqrd': 0.03377588647419354, 'chirp_mass': 23.838465762413865, 'symmetric_mass_ratio': 0.2222222222222222, 'chi_eff': 0.0}
