000 (27465124.000.000) 2025-03-03 16:40:09 Job submitted from host: <10.14.0.121:9618?addrs=10.14.0.121-9618&alias=ldas-pcdev12.ligo.caltech.edu&noUDP&sock=schedd_15213_6e5d>
...
001 (27465124.000.000) 2025-03-03 16:41:14 Job executing on host: <10.14.9.65:9618?addrs=10.14.9.65-9618&alias=node2065.cluster.ldas.cit&noUDP&sock=startd_3634026_262f>
	SlotName: slot1_10@node2065.cluster.ldas.cit
	CondorScratchDir = "/var/lib/condor/execute/dir_1068649"
	Cpus = 16
	Disk = 1049600
	GPUs = 0
	Memory = 16384
...
006 (27465124.000.000) 2025-03-03 16:41:22 Image size of job updated: 142020
	139  -  MemoryUsage of job (MB)
	142020  -  ResidentSetSize of job (KB)
...
006 (27465124.000.000) 2025-03-03 16:42:49 Image size of job updated: 287500
	139  -  MemoryUsage of job (MB)
	142020  -  ResidentSetSize of job (KB)
...
005 (27465124.000.000) 2025-03-03 16:42:49 Job terminated.
	(1) Normal termination (return value 0)
		Usr 0 00:02:19, Sys 0 00:00:04  -  Run Remote Usage
		Usr 0 00:00:00, Sys 0 00:00:00  -  Run Local Usage
		Usr 0 00:02:19, Sys 0 00:00:04  -  Total Remote Usage
		Usr 0 00:00:00, Sys 0 00:00:00  -  Total Local Usage
	0  -  Run Bytes Sent By Job
	0  -  Run Bytes Received By Job
	0  -  Total Bytes Sent By Job
	0  -  Total Bytes Received By Job
	Partitionable Resources :    Usage  Request Allocated 
	   Cpus                 :                16        16 
	   Disk (KB)            :    17500  1048576   1049600 
	   GPUs                 :                           0 
	   Memory (MB)          :      139    16384     16384 
	   TimeExecute (s)      :       95                    
	   TimeSlotBusy (s)     :       96                    

	Job terminated of its own accord at 2025-03-04T00:42:49Z with exit-code 0.
...
