000 (18292726.000.000) 2024-04-15 10:14:05 Job submitted from host: <10.14.0.121:9618?addrs=10.14.0.121-9618+[fde1-53ba-e9a0-de11-c925-65-8543-e173]-9618&alias=ldas-pcdev12.ligo.caltech.edu&noUDP&sock=schedd_7909_7ea0>
...
001 (18292726.000.000) 2024-04-15 10:14:29 Job executing on host: <10.14.9.158:9618?addrs=10.14.9.158-9618&alias=node2158.cluster.ldas.cit&noUDP&sock=startd_10212_293c>
	SlotName: slot1_10@node2158.cluster.ldas.cit
	CondorScratchDir = "/local/condor/execute/dir_509757"
	Cpus = 16
	Disk = 1117636
	GPUs = 0
	Memory = 16384
...
006 (18292726.000.000) 2024-04-15 10:14:37 Image size of job updated: 236488
	230  -  MemoryUsage of job (MB)
	235336  -  ResidentSetSize of job (KB)
...
006 (18292726.000.000) 2024-04-15 10:19:37 Image size of job updated: 1862164
	1716  -  MemoryUsage of job (MB)
	1756480  -  ResidentSetSize of job (KB)
...
006 (18292726.000.000) 2024-04-15 10:24:37 Image size of job updated: 1862164
	1717  -  MemoryUsage of job (MB)
	1757888  -  ResidentSetSize of job (KB)
...
005 (18292726.000.000) 2024-04-15 10:48:39 Job terminated.
	(1) Normal termination (return value 0)
		Usr 0 17:48:16, Sys 0 00:08:07  -  Run Remote Usage
		Usr 0 00:00:00, Sys 0 00:00:00  -  Run Local Usage
		Usr 0 17:48:16, Sys 0 00:08:07  -  Total Remote Usage
		Usr 0 00:00:00, Sys 0 00:00:00  -  Total Local Usage
	0  -  Run Bytes Sent By Job
	0  -  Run Bytes Received By Job
	0  -  Total Bytes Sent By Job
	0  -  Total Bytes Received By Job
	Partitionable Resources :    Usage  Request Allocated 
	   Cpus                 :    38.47       16        16 
	   Disk (KB)            : 17500     1048576   1117636 
	   GPUs                 :                           0 
	   Memory (MB)          :  1717       16384     16384 
	   TimeExecute (s)      :  2050                       
	   TimeSlotBusy (s)     :  2050                       

	Job terminated of its own accord at 2024-04-15T17:48:39Z with exit-code 0.
...
