000 (20463352.000.000) 2024-09-11 05:56:59 Job submitted from host: <10.14.0.121:9618?addrs=10.14.0.121-9618+[fde1-53ba-e9a0-de11-c925-65-8543-e173]-9618&alias=ldas-pcdev12.ligo.caltech.edu&noUDP&sock=schedd_7741_42b7>
...
001 (20463352.000.000) 2024-09-11 05:58:28 Job executing on host: <10.14.9.95:9618?addrs=10.14.9.95-9618&alias=node2095.cluster.ldas.cit&noUDP&sock=startd_10110_3293>
	SlotName: slot1_3@node2095.cluster.ldas.cit
	CondorScratchDir = "/local/condor/execute/dir_3263644"
	Cpus = 16
	Disk = 1049600
	GPUs = 0
	Memory = 16384
...
006 (20463352.000.000) 2024-09-11 05:58:36 Image size of job updated: 343620
	336  -  MemoryUsage of job (MB)
	343436  -  ResidentSetSize of job (KB)
...
006 (20463352.000.000) 2024-09-11 06:03:36 Image size of job updated: 4767392
	4540  -  MemoryUsage of job (MB)
	4648040  -  ResidentSetSize of job (KB)
...
005 (20463352.000.000) 2024-09-11 06:04:53 Job terminated.
	(1) Normal termination (return value 0)
		Usr 0 03:57:30, Sys 0 00:13:14  -  Run Remote Usage
		Usr 0 00:00:00, Sys 0 00:00:00  -  Run Local Usage
		Usr 0 03:57:30, Sys 0 00:13:14  -  Total Remote Usage
		Usr 0 00:00:00, Sys 0 00:00:00  -  Total Local Usage
	0  -  Run Bytes Sent By Job
	0  -  Run Bytes Received By Job
	0  -  Total Bytes Sent By Job
	0  -  Total Bytes Received By Job
	Partitionable Resources :    Usage  Request Allocated 
	   Cpus                 :    40.46       16        16 
	   Disk (KB)            : 17500     1048576   1049600 
	   GPUs                 :                           0 
	   Memory (MB)          :  4540       16384     16384 
	   TimeExecute (s)      :   385                       
	   TimeSlotBusy (s)     :   385                       

	Job terminated of its own accord at 2024-09-11T13:04:53Z with exit-code 0.
...
