000 (33023292.000.000) 2025-06-12 15:03:18 Job submitted from host: <10.14.0.121:9618?addrs=10.14.0.121-9618&alias=ldas-pcdev12.ligo.caltech.edu&noUDP&sock=schedd_7306_e304>
...
001 (33023292.000.000) 2025-06-12 15:05:55 Job executing on host: <10.14.9.137:9618?addrs=10.14.9.137-9618&alias=node2137.cluster.ldas.cit&noUDP&sock=startd_3496_8b2f>
	SlotName: slot1_2@node2137.cluster.ldas.cit
	CondorScratchDir = "/var/lib/condor/execute/dir_128502"
	Cpus = 16
	Disk = 1049600
	GPUs = 0
	Memory = 16384
...
006 (33023292.000.000) 2025-06-12 15:06:03 Image size of job updated: 136708
	134  -  MemoryUsage of job (MB)
	136708  -  ResidentSetSize of job (KB)
...
006 (33023292.000.000) 2025-06-12 15:11:03 Image size of job updated: 927092
	545  -  MemoryUsage of job (MB)
	557864  -  ResidentSetSize of job (KB)
...
006 (33023292.000.000) 2025-06-12 15:16:04 Image size of job updated: 928408
	546  -  MemoryUsage of job (MB)
	559068  -  ResidentSetSize of job (KB)
...
006 (33023292.000.000) 2025-06-12 15:21:04 Image size of job updated: 4454512
	1342  -  MemoryUsage of job (MB)
	1373500  -  ResidentSetSize of job (KB)
...
006 (33023292.000.000) 2025-06-12 15:21:38 Image size of job updated: 4454512
	1342  -  MemoryUsage of job (MB)
	1373504  -  ResidentSetSize of job (KB)
...
005 (33023292.000.000) 2025-06-12 15:21:39 Job terminated.
	(1) Normal termination (return value 0)
		Usr 0 03:00:17, Sys 0 00:14:52  -  Run Remote Usage
		Usr 0 00:00:00, Sys 0 00:00:00  -  Run Local Usage
		Usr 0 03:00:17, Sys 0 00:14:52  -  Total Remote Usage
		Usr 0 00:00:00, Sys 0 00:00:00  -  Total Local Usage
	0  -  Run Bytes Sent By Job
	0  -  Run Bytes Received By Job
	0  -  Total Bytes Sent By Job
	0  -  Total Bytes Received By Job
	Partitionable Resources :    Usage  Request Allocated 
	   Cpus                 :                16        16 
	   Disk (KB)            :    17500  1048576   1049600 
	   GPUs                 :                           0 
	   Memory (MB)          :     1342    16384     16384 
	   TimeExecute (s)      :      944                    
	   TimeSlotBusy (s)     :      944                    

	Job terminated of its own accord at 2025-06-12T22:21:38Z with exit-code 0.
...
