000 (19342644.000.000) 2024-06-10 07:16:20 Job submitted from host: <10.14.0.121:9618?addrs=10.14.0.121-9618+[fde1-53ba-e9a0-de11-c925-65-8543-e173]-9618&alias=ldas-pcdev12.ligo.caltech.edu&noUDP&sock=schedd_15451_ade7>
...
001 (19342644.000.000) 2024-06-10 07:17:54 Job executing on host: <10.14.4.28:9618?addrs=10.14.4.28-9618&alias=node778.cluster.ldas.cit&noUDP&sock=startd_2673_08bd>
	SlotName: slot1_10@node778.cluster.ldas.cit
	CondorScratchDir = "/local/condor/execute/dir_697494"
	Cpus = 16
	Disk = 1152619
	GPUs = 0
	Memory = 16384
...
006 (19342644.000.000) 2024-06-10 07:18:03 Image size of job updated: 253468
	244  -  MemoryUsage of job (MB)
	249792  -  ResidentSetSize of job (KB)
...
006 (19342644.000.000) 2024-06-10 07:23:04 Image size of job updated: 1858492
	1726  -  MemoryUsage of job (MB)
	1767284  -  ResidentSetSize of job (KB)
...
006 (19342644.000.000) 2024-06-10 07:28:04 Image size of job updated: 1922776
	1726  -  MemoryUsage of job (MB)
	1767284  -  ResidentSetSize of job (KB)
...
006 (19342644.000.000) 2024-06-10 07:33:04 Image size of job updated: 1922776
	1729  -  MemoryUsage of job (MB)
	1769760  -  ResidentSetSize of job (KB)
...
006 (19342644.000.000) 2024-06-10 07:38:05 Image size of job updated: 1954768
	1729  -  MemoryUsage of job (MB)
	1769760  -  ResidentSetSize of job (KB)
...
006 (19342644.000.000) 2024-06-10 07:48:06 Image size of job updated: 1954768
	1736  -  MemoryUsage of job (MB)
	1777524  -  ResidentSetSize of job (KB)
...
006 (19342644.000.000) 2024-06-10 07:53:07 Image size of job updated: 1989856
	1836  -  MemoryUsage of job (MB)
	1879584  -  ResidentSetSize of job (KB)
...
006 (19342644.000.000) 2024-06-10 07:58:08 Image size of job updated: 2057240
	1885  -  MemoryUsage of job (MB)
	1929656  -  ResidentSetSize of job (KB)
...
006 (19342644.000.000) 2024-06-10 08:03:08 Image size of job updated: 2071328
	1885  -  MemoryUsage of job (MB)
	1929872  -  ResidentSetSize of job (KB)
...
006 (19342644.000.000) 2024-06-10 08:23:11 Image size of job updated: 2071328
	1886  -  MemoryUsage of job (MB)
	1931012  -  ResidentSetSize of job (KB)
...
006 (19342644.000.000) 2024-06-10 08:28:12 Image size of job updated: 2071328
	1887  -  MemoryUsage of job (MB)
	1932036  -  ResidentSetSize of job (KB)
...
005 (19342644.000.000) 2024-06-10 09:20:16 Job terminated.
	(1) Normal termination (return value 0)
		Usr 1 20:59:59, Sys 0 00:32:40  -  Run Remote Usage
		Usr 0 00:00:00, Sys 0 00:00:00  -  Run Local Usage
		Usr 1 20:59:59, Sys 0 00:32:40  -  Total Remote Usage
		Usr 0 00:00:00, Sys 0 00:00:00  -  Total Local Usage
	0  -  Run Bytes Sent By Job
	0  -  Run Bytes Received By Job
	0  -  Total Bytes Sent By Job
	0  -  Total Bytes Received By Job
	Partitionable Resources :    Usage  Request Allocated 
	   Cpus                 :    24.86       16        16 
	   Disk (KB)            : 17500     1048576   1152619 
	   GPUs                 :                           0 
	   Memory (MB)          :  1887       16384     16384 
	   TimeExecute (s)      :  7342                       
	   TimeSlotBusy (s)     :  7342                       

	Job terminated of its own accord at 2024-06-10T16:20:16Z with exit-code 0.
...
