000 (20150245.000.000) 2024-08-29 11:51:59 Job submitted from host: <10.14.0.121:9618?addrs=10.14.0.121-9618+[fde1-53ba-e9a0-de11-c925-65-8543-e173]-9618&alias=ldas-pcdev12.ligo.caltech.edu&noUDP&sock=schedd_7662_12bb>
...
001 (20150245.000.000) 2024-08-29 11:52:27 Job executing on host: <10.14.10.157:9618?addrs=10.14.10.157-9618&alias=node2407.cluster.ldas.cit&noUDP&sock=startd_2428_fc09>
	SlotName: slot1_1@node2407.cluster.ldas.cit
	CondorScratchDir = "/local/condor/execute/dir_740058"
	Cpus = 16
	Disk = 1049600
	GPUs = 0
	Memory = 16384
...
006 (20150245.000.000) 2024-08-29 11:52:36 Image size of job updated: 184684
	176  -  MemoryUsage of job (MB)
	179844  -  ResidentSetSize of job (KB)
...
006 (20150245.000.000) 2024-08-29 11:57:38 Image size of job updated: 3157632
	2702  -  MemoryUsage of job (MB)
	2766784  -  ResidentSetSize of job (KB)
...
006 (20150245.000.000) 2024-08-29 12:02:38 Image size of job updated: 3157632
	2748  -  MemoryUsage of job (MB)
	2813732  -  ResidentSetSize of job (KB)
...
006 (20150245.000.000) 2024-08-29 12:07:38 Image size of job updated: 3235804
	2866  -  MemoryUsage of job (MB)
	2934228  -  ResidentSetSize of job (KB)
...
006 (20150245.000.000) 2024-08-29 12:12:39 Image size of job updated: 3338712
	3000  -  MemoryUsage of job (MB)
	3071568  -  ResidentSetSize of job (KB)
...
006 (20150245.000.000) 2024-08-29 12:17:40 Image size of job updated: 3536544
	3130  -  MemoryUsage of job (MB)
	3204524  -  ResidentSetSize of job (KB)
...
006 (20150245.000.000) 2024-08-29 12:22:40 Image size of job updated: 4222616
	3130  -  MemoryUsage of job (MB)
	3204524  -  ResidentSetSize of job (KB)
...
006 (20150245.000.000) 2024-08-29 14:07:52 Image size of job updated: 4222616
	3207  -  MemoryUsage of job (MB)
	3283120  -  ResidentSetSize of job (KB)
...
005 (20150245.000.000) 2024-08-29 17:06:18 Job terminated.
	(1) Normal termination (return value 0)
		Usr 6 09:10:09, Sys 0 04:37:59  -  Run Remote Usage
		Usr 0 00:00:00, Sys 0 00:00:00  -  Run Local Usage
		Usr 6 09:10:09, Sys 0 04:37:59  -  Total Remote Usage
		Usr 0 00:00:00, Sys 0 00:00:00  -  Total Local Usage
	0  -  Run Bytes Sent By Job
	0  -  Run Bytes Received By Job
	0  -  Total Bytes Sent By Job
	0  -  Total Bytes Received By Job
	Partitionable Resources :    Usage  Request Allocated 
	   Cpus                 :    30.82       16        16 
	   Disk (KB)            : 17500     1048576   1049600 
	   GPUs                 :                           0 
	   Memory (MB)          :  3207       16384     16384 
	   TimeExecute (s)      : 18831                       
	   TimeSlotBusy (s)     : 18831                       

	Job terminated of its own accord at 2024-08-30T00:06:18Z with exit-code 0.
...
