lal.MSUN_SI != Msun
__name__ = gwsurrogate.new.spline_evaluation
__package__= gwsurrogate.new
Analysing data with SNR of 20.
{'ecc10sqrd': 0.04000000000000001, 'chirp_mass': 24, 'symmetric_mass_ratio': 0.2222222222222222, 'chi_eff': 0}
Peak SNR of 19.570962291179224 found in 7.0432257652282715 seconds.
{'chirp_mass': 24.544669678101315, 'symmetric_mass_ratio': 0.22954481062897308, 'chi_eff': 0.03176258422490982, 'ecc10sqrd': 0}
Adjusting fiducial eta from 0.22984098263239136 to 0.22968526336432 to prevent unphysical degeneracy line
Fiducial point found in 93.38120675086975 seconds.
{'ecc10sqrd': 0.006866362016958059, 'chirp_mass': 24.505135697013156, 'symmetric_mass_ratio': 0.22968526336432, 'chi_eff': 0.029215006254547496}
Eccentric peak SNR of 19.97218592291182 found in 21.810692071914673 seconds.
Peak parameters:
{'distance': Array([1]), 'ecc10sqrd': Array([0.03925201]), 'chirp_mass': Array([24.31867105]), 'symmetric_mass_ratio': Array([0.23034772]), 'chi_eff': Array([0.01719919]), 'MA': 0.9088662748189533}
Harmonic SNR of
rho_0: 19.50, phi_0: -2.37
rho_1: 3.33, phi_1: -1.49
rho_-1: 1.06, phi_-1: 2.68
rho_2: 0.33, phi_2: -0.72
Generated new metric and samples in 337.76179909706116 seconds.
Enforcing prior reduces samples from 10000000 to 24366.
Calculated interpolation grid and performed rejection sampling in 7.128892183303833 seconds.
Mean eccentricity found to be 0.167 with 90% credible interval of 0.078 - 0.238.
12182 samples remaining after rejection sampling.
lal.MSUN_SI != Msun
__name__ = gwsurrogate.new.spline_evaluation
__package__= gwsurrogate.new
