000 (33534424.000.000) 2025-06-17 07:44:59 Job submitted from host: <10.14.0.121:9618?addrs=10.14.0.121-9618&alias=ldas-pcdev12.ligo.caltech.edu&noUDP&sock=schedd_7306_e304>
...
001 (33534424.000.000) 2025-06-17 07:51:03 Job executing on host: <10.14.9.142:9618?addrs=10.14.9.142-9618&alias=node2142.cluster.ldas.cit&noUDP&sock=startd_3804_ce5a>
	SlotName: slot1_3@node2142.cluster.ldas.cit
	CondorScratchDir = "/var/lib/condor/execute/dir_3617135"
	Cpus = 16
	Disk = 1049600
	GPUs = 0
	Memory = 16384
...
006 (33534424.000.000) 2025-06-17 07:51:11 Image size of job updated: 112168
	110  -  MemoryUsage of job (MB)
	112168  -  ResidentSetSize of job (KB)
...
006 (33534424.000.000) 2025-06-17 07:56:11 Image size of job updated: 888408
	535  -  MemoryUsage of job (MB)
	547176  -  ResidentSetSize of job (KB)
...
006 (33534424.000.000) 2025-06-17 08:01:12 Image size of job updated: 4300872
	4031  -  MemoryUsage of job (MB)
	4127048  -  ResidentSetSize of job (KB)
...
005 (33534424.000.000) 2025-06-17 08:02:34 Job terminated.
	(1) Normal termination (return value 0)
		Usr 0 02:41:17, Sys 0 00:14:06  -  Run Remote Usage
		Usr 0 00:00:00, Sys 0 00:00:00  -  Run Local Usage
		Usr 0 02:41:17, Sys 0 00:14:06  -  Total Remote Usage
		Usr 0 00:00:00, Sys 0 00:00:00  -  Total Local Usage
	0  -  Run Bytes Sent By Job
	0  -  Run Bytes Received By Job
	0  -  Total Bytes Sent By Job
	0  -  Total Bytes Received By Job
	Partitionable Resources :    Usage  Request Allocated 
	   Cpus                 :                16        16 
	   Disk (KB)            :    17500  1048576   1049600 
	   GPUs                 :                           0 
	   Memory (MB)          :     4031    16384     16384 
	   TimeExecute (s)      :      691                    
	   TimeSlotBusy (s)     :      691                    

	Job terminated of its own accord at 2025-06-17T15:02:34Z with exit-code 0.
...
