000 (19458078.000.000) 2024-06-18 07:47:02 Job submitted from host: <10.14.0.121:9618?addrs=10.14.0.121-9618+[fde1-53ba-e9a0-de11-c925-65-8543-e173]-9618&alias=ldas-pcdev12.ligo.caltech.edu&noUDP&sock=schedd_7389_d160>
...
001 (19458078.000.000) 2024-06-18 07:48:38 Job executing on host: <10.14.9.92:9618?addrs=10.14.9.92-9618&alias=node2092.cluster.ldas.cit&noUDP&sock=startd_4154_e080>
	SlotName: slot1_3@node2092.cluster.ldas.cit
	CondorScratchDir = "/local/condor/execute/dir_1042759"
	Cpus = 16
	Disk = 1049600
	GPUs = 0
	Memory = 16384
...
006 (19458078.000.000) 2024-06-18 07:48:46 Image size of job updated: 305596
	298  -  MemoryUsage of job (MB)
	304864  -  ResidentSetSize of job (KB)
...
006 (19458078.000.000) 2024-06-18 07:53:46 Image size of job updated: 9591376
	8515  -  MemoryUsage of job (MB)
	8718892  -  ResidentSetSize of job (KB)
...
006 (19458078.000.000) 2024-06-18 07:58:47 Image size of job updated: 9591376
	8518  -  MemoryUsage of job (MB)
	8721816  -  ResidentSetSize of job (KB)
...
006 (19458078.000.000) 2024-06-18 08:33:52 Image size of job updated: 9591376
	8541  -  MemoryUsage of job (MB)
	8745932  -  ResidentSetSize of job (KB)
...
006 (19458078.000.000) 2024-06-18 08:38:52 Image size of job updated: 9606716
	8541  -  MemoryUsage of job (MB)
	8745932  -  ResidentSetSize of job (KB)
...
004 (19458078.000.000) 2024-06-18 09:10:08 Job was evicted.
	(0) CPU times
		Usr 1 20:48:10, Sys 0 00:33:39  -  Run Remote Usage
		Usr 0 00:00:00, Sys 0 00:00:00  -  Run Local Usage
	0  -  Run Bytes Sent By Job
	0  -  Run Bytes Received By Job
	Partitionable Resources :    Usage  Request Allocated 
	   Cpus                 :    37.96       16        16 
	   Disk (KB)            : 17500     1048576   1049600 
	   GPUs                 :                           0 
	   Memory (MB)          :  8541       16384     16384 
	   TimeExecute (s)      :  4890                       
	   TimeSlotBusy (s)     :  4890                       
...
001 (19458078.000.000) 2024-06-18 09:12:14 Job executing on host: <10.14.10.24:9618?addrs=10.14.10.24-9618&alias=node2274.cluster.ldas.cit&noUDP&sock=startd_9931_6b1f>
	SlotName: slot1_3@node2274.cluster.ldas.cit
	CondorScratchDir = "/local/condor/execute/dir_32191"
	Cpus = 16
	Disk = 1049600
	GPUs = 0
	Memory = 16384
...
006 (19458078.000.000) 2024-06-18 09:17:22 Image size of job updated: 11701296
	10552  -  MemoryUsage of job (MB)
	10804520  -  ResidentSetSize of job (KB)
...
006 (19458078.000.000) 2024-06-18 09:22:23 Image size of job updated: 11759104
	10554  -  MemoryUsage of job (MB)
	10806568  -  ResidentSetSize of job (KB)
...
006 (19458078.000.000) 2024-06-18 09:37:24 Image size of job updated: 11808176
	10554  -  MemoryUsage of job (MB)
	10806568  -  ResidentSetSize of job (KB)
...
005 (19458078.000.000) 2024-06-18 10:33:33 Job terminated.
	(1) Normal termination (return value 0)
		Usr 2 03:47:16, Sys 0 00:37:43  -  Run Remote Usage
		Usr 0 00:00:00, Sys 0 00:00:00  -  Run Local Usage
		Usr 4 00:35:26, Sys 0 01:11:22  -  Total Remote Usage
		Usr 0 00:00:00, Sys 0 00:00:00  -  Total Local Usage
	0  -  Run Bytes Sent By Job
	0  -  Run Bytes Received By Job
	0  -  Total Bytes Sent By Job
	0  -  Total Bytes Received By Job
	Partitionable Resources :    Usage  Request Allocated 
	   Cpus                 :    41.93       16        16 
	   Disk (KB)            : 17500     1048576   1049600 
	   GPUs                 :                           0 
	   Memory (MB)          : 10554       16384     16384 
	   TimeExecute (s)      :  4879                       
	   TimeSlotBusy (s)     :  4879                       

	Job terminated of its own accord at 2024-06-18T17:33:33Z with exit-code 0.
...
