000 (17240640.000.000) 2024-03-07 04:10:03 Job submitted from host: <10.14.0.121:9618?addrs=10.14.0.121-9618+[fde1-53ba-e9a0-de11-c925-65-8543-e173]-9618&alias=ldas-pcdev12.ligo.caltech.edu&noUDP&sock=schedd_444802_c0e0>
...
001 (17240640.000.000) 2024-03-07 04:12:48 Job executing on host: <10.14.9.70:9618?addrs=10.14.9.70-9618&alias=node2070.cluster.ldas.cit&noUDP&sock=startd_10257_06ff>
	SlotName: slot1_9@node2070.cluster.ldas.cit
	CondorScratchDir = "/local/condor/execute/dir_2457055"
	Cpus = 1
	Disk = 1117631
	GPUs = 0
	Memory = 16384
...
006 (17240640.000.000) 2024-03-07 04:12:57 Image size of job updated: 220424
	216  -  MemoryUsage of job (MB)
	220276  -  ResidentSetSize of job (KB)
...
006 (17240640.000.000) 2024-03-07 04:17:58 Image size of job updated: 275340
	253  -  MemoryUsage of job (MB)
	258672  -  ResidentSetSize of job (KB)
...
005 (17240640.000.000) 2024-03-07 08:15:15 Job terminated.
	(1) Normal termination (return value 0)
		Usr 0 03:59:12, Sys 0 00:01:07  -  Run Remote Usage
		Usr 0 00:00:00, Sys 0 00:00:00  -  Run Local Usage
		Usr 0 03:59:12, Sys 0 00:01:07  -  Total Remote Usage
		Usr 0 00:00:00, Sys 0 00:00:00  -  Total Local Usage
	0  -  Run Bytes Sent By Job
	0  -  Run Bytes Received By Job
	0  -  Total Bytes Sent By Job
	0  -  Total Bytes Received By Job
	Partitionable Resources :    Usage  Request Allocated 
	   Cpus                 :     0.99        1         1 
	   Disk (KB)            : 17500     1048576   1117631 
	   GPUs                 :                           0 
	   Memory (MB)          :   253       16384     16384 
	   TimeExecute (s)      : 14547                       
	   TimeSlotBusy (s)     : 14547                       

	Job terminated of its own accord at 2024-03-07T16:15:15Z with exit-code 0.
...
