000 (20148898.000.000) 2024-08-27 08:24:54 Job submitted from host: <10.14.0.121:9618?addrs=10.14.0.121-9618+[fde1-53ba-e9a0-de11-c925-65-8543-e173]-9618&alias=ldas-pcdev12.ligo.caltech.edu&noUDP&sock=schedd_7662_12bb>
...
001 (20148898.000.000) 2024-08-27 08:26:27 Job executing on host: <10.14.9.131:9618?addrs=10.14.9.131-9618&alias=node2131.cluster.ldas.cit&noUDP&sock=startd_9735_fa8f>
	SlotName: slot1_10@node2131.cluster.ldas.cit
	CondorScratchDir = "/local/condor/execute/dir_4111188"
	Cpus = 16
	Disk = 1049600
	GPUs = 0
	Memory = 16384
...
006 (20148898.000.000) 2024-08-27 08:26:35 Image size of job updated: 343020
	335  -  MemoryUsage of job (MB)
	342504  -  ResidentSetSize of job (KB)
...
006 (20148898.000.000) 2024-08-27 08:31:35 Image size of job updated: 4475528
	4311  -  MemoryUsage of job (MB)
	4413604  -  ResidentSetSize of job (KB)
...
006 (20148898.000.000) 2024-08-27 08:32:08 Image size of job updated: 4500872
	4311  -  MemoryUsage of job (MB)
	4414368  -  ResidentSetSize of job (KB)
...
005 (20148898.000.000) 2024-08-27 08:32:08 Job terminated.
	(1) Normal termination (return value 0)
		Usr 0 03:17:40, Sys 0 00:09:48  -  Run Remote Usage
		Usr 0 00:00:00, Sys 0 00:00:00  -  Run Local Usage
		Usr 0 03:17:40, Sys 0 00:09:48  -  Total Remote Usage
		Usr 0 00:00:00, Sys 0 00:00:00  -  Total Local Usage
	0  -  Run Bytes Sent By Job
	0  -  Run Bytes Received By Job
	0  -  Total Bytes Sent By Job
	0  -  Total Bytes Received By Job
	Partitionable Resources :    Usage  Request Allocated 
	   Cpus                 :    38.12       16        16 
	   Disk (KB)            : 17500     1048576   1049600 
	   GPUs                 :                           0 
	   Memory (MB)          :  4311       16384     16384 
	   TimeExecute (s)      :   341                       
	   TimeSlotBusy (s)     :   341                       

	Job terminated of its own accord at 2024-08-27T15:32:08Z with exit-code 0.
...
