000 (3993485.000.000) 2025-01-15 11:35:34 Job submitted from host: <10.14.0.65:9618?addrs=10.14.0.65-9618&alias=jupyter4.ligo.caltech.edu&noUDP&sock=schedd_2797_167c>
...
001 (3993485.000.000) 2025-01-15 11:35:44 Job executing on host: <10.14.10.131:9618?addrs=10.14.10.131-9618&alias=node2381.cluster.ldas.cit&noUDP&sock=startd_2885_72d1>
	SlotName: slot1_6@node2381.cluster.ldas.cit
	CondorScratchDir = "/var/lib/condor/execute/dir_244087"
	Cpus = 16
	Disk = 1049600
	GPUs = 0
	Memory = 32768
...
006 (3993485.000.000) 2025-01-15 11:35:54 Image size of job updated: 183208
	179  -  MemoryUsage of job (MB)
	183208  -  ResidentSetSize of job (KB)
...
006 (3993485.000.000) 2025-01-15 11:40:54 Image size of job updated: 15071700
	12073  -  MemoryUsage of job (MB)
	12362144  -  ResidentSetSize of job (KB)
...
006 (3993485.000.000) 2025-01-15 11:45:54 Image size of job updated: 15071700
	13942  -  MemoryUsage of job (MB)
	14276000  -  ResidentSetSize of job (KB)
...
005 (3993485.000.000) 2025-01-15 15:47:35 Job terminated.
	(1) Normal termination (return value 0)
		Usr 9 09:20:50, Sys 0 04:49:21  -  Run Remote Usage
		Usr 0 00:00:00, Sys 0 00:00:00  -  Run Local Usage
		Usr 9 09:20:50, Sys 0 04:49:21  -  Total Remote Usage
		Usr 0 00:00:00, Sys 0 00:00:00  -  Total Local Usage
	0  -  Run Bytes Sent By Job
	0  -  Run Bytes Received By Job
	0  -  Total Bytes Sent By Job
	0  -  Total Bytes Received By Job
	Partitionable Resources :    Usage  Request Allocated 
	   Cpus                 :                16        16 
	   Disk (KB)            :    17500  1048576   1049600 
	   GPUs                 :                           0 
	   Memory (MB)          :    13942    32768     32768 
	   TimeExecute (s)      :    15111                    
	   TimeSlotBusy (s)     :    15112                    

	Job terminated of its own accord at 2025-01-15T23:47:35Z with exit-code 0.
...
