000 (15594013.000.000) 2025-03-31 19:30:04 Job submitted from host: <10.14.0.74:9618?addrs=10.14.0.74-9618&alias=ldas-pcdev14.ligo.caltech.edu&noUDP&sock=schedd_5268_fd01>
...
001 (15594013.000.000) 2025-03-31 19:31:07 Job executing on host: <10.14.9.185:9618?addrs=10.14.9.185-9618&alias=node2185.cluster.ldas.cit&noUDP&sock=startd_3776508_f334>
	SlotName: slot1_4@node2185.cluster.ldas.cit
	CondorScratchDir = "/var/lib/condor/execute/dir_2877043"
	Cpus = 16
	Disk = 1049600
	GPUs = 0
	Memory = 16384
...
006 (15594013.000.000) 2025-03-31 19:31:15 Image size of job updated: 112168
	110  -  MemoryUsage of job (MB)
	112168  -  ResidentSetSize of job (KB)
...
006 (15594013.000.000) 2025-03-31 19:36:15 Image size of job updated: 982888
	560  -  MemoryUsage of job (MB)
	572872  -  ResidentSetSize of job (KB)
...
006 (15594013.000.000) 2025-03-31 19:41:16 Image size of job updated: 4128708
	666  -  MemoryUsage of job (MB)
	681372  -  ResidentSetSize of job (KB)
...
005 (15594013.000.000) 2025-03-31 19:41:30 Job terminated.
	(1) Normal termination (return value 0)
		Usr 0 03:10:23, Sys 0 00:09:31  -  Run Remote Usage
		Usr 0 00:00:00, Sys 0 00:00:00  -  Run Local Usage
		Usr 0 03:10:23, Sys 0 00:09:31  -  Total Remote Usage
		Usr 0 00:00:00, Sys 0 00:00:00  -  Total Local Usage
	0  -  Run Bytes Sent By Job
	0  -  Run Bytes Received By Job
	0  -  Total Bytes Sent By Job
	0  -  Total Bytes Received By Job
	Partitionable Resources :    Usage  Request Allocated 
	   Cpus                 :                16        16 
	   Disk (KB)            :    17500  1048576   1049600 
	   GPUs                 :                           0 
	   Memory (MB)          :      666    16384     16384 
	   TimeExecute (s)      :      623                    
	   TimeSlotBusy (s)     :      624                    

	Job terminated of its own accord at 2025-04-01T02:41:30Z with exit-code 0.
...
