000 (17251662.000.000) 2024-03-08 09:39:08 Job submitted from host: <10.14.0.121:9618?addrs=10.14.0.121-9618+[fde1-53ba-e9a0-de11-c925-65-8543-e173]-9618&alias=ldas-pcdev12.ligo.caltech.edu&noUDP&sock=schedd_444802_c0e0>
...
001 (17251662.000.000) 2024-03-08 09:40:02 Job executing on host: <10.14.9.75:9618?addrs=10.14.9.75-9618&alias=node2075.cluster.ldas.cit&noUDP&sock=startd_9938_3849>
	SlotName: slot1_10@node2075.cluster.ldas.cit
	CondorScratchDir = "/local/condor/execute/dir_1648834"
	Cpus = 16
	Disk = 1117636
	GPUs = 0
	Memory = 16384
...
006 (17251662.000.000) 2024-03-08 09:40:10 Image size of job updated: 242928
	237  -  MemoryUsage of job (MB)
	242204  -  ResidentSetSize of job (KB)
...
006 (17251662.000.000) 2024-03-08 09:45:10 Image size of job updated: 1427132
	1281  -  MemoryUsage of job (MB)
	1311264  -  ResidentSetSize of job (KB)
...
006 (17251662.000.000) 2024-03-08 09:50:10 Image size of job updated: 1647344
	1608  -  MemoryUsage of job (MB)
	1645956  -  ResidentSetSize of job (KB)
...
006 (17251662.000.000) 2024-03-08 09:55:11 Image size of job updated: 1665540
	1608  -  MemoryUsage of job (MB)
	1645956  -  ResidentSetSize of job (KB)
...
005 (17251662.000.000) 2024-03-08 10:03:52 Job terminated.
	(1) Normal termination (return value 0)
		Usr 0 07:42:51, Sys 0 00:03:19  -  Run Remote Usage
		Usr 0 00:00:00, Sys 0 00:00:00  -  Run Local Usage
		Usr 0 07:42:51, Sys 0 00:03:19  -  Total Remote Usage
		Usr 0 00:00:00, Sys 0 00:00:00  -  Total Local Usage
	0  -  Run Bytes Sent By Job
	0  -  Run Bytes Received By Job
	0  -  Total Bytes Sent By Job
	0  -  Total Bytes Received By Job
	Partitionable Resources :    Usage  Request Allocated 
	   Cpus                 :    19.83       16        16 
	   Disk (KB)            : 17500     1048576   1117636 
	   GPUs                 :                           0 
	   Memory (MB)          :  1608       16384     16384 
	   TimeExecute (s)      :  1430                       
	   TimeSlotBusy (s)     :  1431                       

	Job terminated of its own accord at 2024-03-08T18:03:52Z with exit-code 0.
...
