lal.MSUN_SI != Msun
__name__ = gwsurrogate.new.spline_evaluation
__package__= gwsurrogate.new
Initial frequency too high. Set f0 to 1.37e-02 
Initial frequency too high. Set f0 to 1.37e-02 
Initial frequency too high. Set f0 to 1.37e-02 
Initial frequency too high. Set f0 to 1.37e-02 
Initial frequency too high. Set f0 to 1.37e-02 
Initial frequency too high. Set f0 to 1.37e-02 
Initial frequency too high. Set f0 to 1.37e-02 
Initial frequency too high. Set f0 to 1.37e-02 
Initial frequency too high. Set f0 to 1.37e-02 
Initial frequency too high. Set f0 to 1.37e-02 
Initial frequency too high. Set f0 to 1.37e-02 
Initial frequency too high. Set f0 to 1.37e-02 
Initial frequency too high. Set f0 to 1.37e-02 
Initial frequency too high. Set f0 to 1.37e-02 
Initial frequency too high. Set f0 to 1.37e-02 
Initial frequency too high. Set f0 to 1.37e-02 
Initial frequency too high. Set f0 to 1.37e-02 
Initial frequency too high. Set f0 to 1.37e-02 
Initial frequency too high. Set f0 to 1.37e-02 
Initial frequency too high. Set f0 to 1.37e-02 
Initial frequency too high. Set f0 to 1.37e-02 
Initial frequency too high. Set f0 to 1.37e-02 
Initial frequency too high. Set f0 to 1.37e-02 
Initial frequency too high. Set f0 to 1.37e-02 
Initial frequency too high. Set f0 to 1.37e-02 
Initial frequency too high. Set f0 to 1.37e-02 
Initial frequency too high. Set f0 to 1.37e-02 
Initial frequency too high. Set f0 to 1.37e-02 
Initial frequency too high. Set f0 to 1.37e-02 
Initial frequency too high. Set f0 to 1.37e-02 
Initial frequency too high. Set f0 to 1.37e-02 
Initial frequency too high. Set f0 to 1.37e-02 
Initial frequency too high. Set f0 to 1.37e-02 
Initial frequency too high. Set f0 to 1.37e-02 
Initial frequency too high. Set f0 to 1.37e-02 
Initial frequency too high. Set f0 to 1.37e-02 
Initial frequency too high. Set f0 to 1.37e-02 
Initial frequency too high. Set f0 to 1.37e-02 
Initial frequency too high. Set f0 to 1.37e-02 
Initial frequency too high. Set f0 to 1.37e-02 
Initial frequency too high. Set f0 to 1.37e-02 
Initial frequency too high. Set f0 to 1.37e-02 
Initial frequency too high. Set f0 to 1.37e-02 
Initial frequency too high. Set f0 to 1.37e-02 
Initial frequency too high. Set f0 to 1.37e-02 
Initial frequency too high. Set f0 to 1.37e-02 
Initial frequency too high. Set f0 to 1.37e-02 
Initial frequency too high. Set f0 to 1.37e-02 
Initial frequency too high. Set f0 to 1.37e-02 
Initial frequency too high. Set f0 to 1.37e-02 
Initial frequency too high. Set f0 to 1.37e-02 
Fiducial point found in 5613.024784326553 seconds.
{'ecc10sqrd': 0.011189217898526137, 'chirp_mass': 23.86616603600649, 'symmetric_mass_ratio': 0.21957506759276874, 'chi_eff': 0}
lal.MSUN_SI != Msun
__name__ = gwsurrogate.new.spline_evaluation
__package__= gwsurrogate.new
lal.MSUN_SI != Msun
__name__ = gwsurrogate.new.spline_evaluation
__package__= gwsurrogate.new
lal.MSUN_SI != Msun
__name__ = gwsurrogate.new.spline_evaluation
__package__= gwsurrogate.new
lal.MSUN_SI != Msun
__name__ = gwsurrogate.new.spline_evaluation
__package__= gwsurrogate.new
lal.MSUN_SI != Msun
__name__ = gwsurrogate.new.spline_evaluation
__package__= gwsurrogate.new
lal.MSUN_SI != Msun
__name__ = gwsurrogate.new.spline_evaluation
__package__= gwsurrogate.new
lal.MSUN_SI != Msun
__name__ = gwsurrogate.new.spline_evaluation
__package__= gwsurrogate.new
lal.MSUN_SI != Msun
__name__ = gwsurrogate.new.spline_evaluation
__package__= gwsurrogate.new
lal.MSUN_SI != Msun
__name__ = gwsurrogate.new.spline_evaluation
__package__= gwsurrogate.new
lal.MSUN_SI != Msun
__name__ = gwsurrogate.new.spline_evaluation
__package__= gwsurrogate.new
lal.MSUN_SI != Msun
__name__ = gwsurrogate.new.spline_evaluation
__package__= gwsurrogate.new
lal.MSUN_SI != Msun
__name__ = gwsurrogate.new.spline_evaluation
__package__= gwsurrogate.new
lal.MSUN_SI != Msun
__name__ = gwsurrogate.new.spline_evaluation
__package__= gwsurrogate.new
lal.MSUN_SI != Msun
__name__ = gwsurrogate.new.spline_evaluation
__package__= gwsurrogate.new
lal.MSUN_SI != Msun
__name__ = gwsurrogate.new.spline_evaluation
__package__= gwsurrogate.new
lal.MSUN_SI != Msun
__name__ = gwsurrogate.new.spline_evaluation
__package__= gwsurrogate.new
lal.MSUN_SI != Msun
__name__ = gwsurrogate.new.spline_evaluation
__package__= gwsurrogate.new
lal.MSUN_SI != Msun
__name__ = gwsurrogate.new.spline_evaluation
__package__= gwsurrogate.new
lal.MSUN_SI != Msun
__name__ = gwsurrogate.new.spline_evaluation
__package__= gwsurrogate.new
lal.MSUN_SI != Msun
__name__ = gwsurrogate.new.spline_evaluation
__package__= gwsurrogate.new
lal.MSUN_SI != Msun
__name__ = gwsurrogate.new.spline_evaluation
__package__= gwsurrogate.new
lal.MSUN_SI != Msun
__name__ = gwsurrogate.new.spline_evaluation
__package__= gwsurrogate.new
lal.MSUN_SI != Msun
__name__ = gwsurrogate.new.spline_evaluation
__package__= gwsurrogate.new
lal.MSUN_SI != Msun
__name__ = gwsurrogate.new.spline_evaluation
__package__= gwsurrogate.new
lal.MSUN_SI != Msun
__name__ = gwsurrogate.new.spline_evaluation
__package__= gwsurrogate.new
lal.MSUN_SI != Msun
__name__ = gwsurrogate.new.spline_evaluation
__package__= gwsurrogate.new
lal.MSUN_SI != Msun
__name__ = gwsurrogate.new.spline_evaluation
__package__= gwsurrogate.new
lal.MSUN_SI != Msun
__name__ = gwsurrogate.new.spline_evaluation
__package__= gwsurrogate.new
lal.MSUN_SI != Msun
__name__ = gwsurrogate.new.spline_evaluation
__package__= gwsurrogate.new
lal.MSUN_SI != Msun
__name__ = gwsurrogate.new.spline_evaluation
__package__= gwsurrogate.new
lal.MSUN_SI != Msun
__name__ = gwsurrogate.new.spline_evaluation
__package__= gwsurrogate.new
lal.MSUN_SI != Msun
__name__ = gwsurrogate.new.spline_evaluation
__package__= gwsurrogate.new
lal.MSUN_SI != Msun
__name__ = gwsurrogate.new.spline_evaluation
__package__= gwsurrogate.new
lal.MSUN_SI != Msun
__name__ = gwsurrogate.new.spline_evaluation
__package__= gwsurrogate.new
lal.MSUN_SI != Msun
__name__ = gwsurrogate.new.spline_evaluation
__package__= gwsurrogate.new
lal.MSUN_SI != Msun
__name__ = gwsurrogate.new.spline_evaluation
__package__= gwsurrogate.new
lal.MSUN_SI != Msun
__name__ = gwsurrogate.new.spline_evaluation
__package__= gwsurrogate.new
lal.MSUN_SI != Msun
__name__ = gwsurrogate.new.spline_evaluation
__package__= gwsurrogate.new
lal.MSUN_SI != Msun
__name__ = gwsurrogate.new.spline_evaluation
__package__= gwsurrogate.new
lal.MSUN_SI != Msun
__name__ = gwsurrogate.new.spline_evaluation
__package__= gwsurrogate.new
lal.MSUN_SI != Msun
__name__ = gwsurrogate.new.spline_evaluation
__package__= gwsurrogate.new
lal.MSUN_SI != Msun
__name__ = gwsurrogate.new.spline_evaluation
__package__= gwsurrogate.new
lal.MSUN_SI != Msun
__name__ = gwsurrogate.new.spline_evaluation
__package__= gwsurrogate.new
lal.MSUN_SI != Msun
__name__ = gwsurrogate.new.spline_evaluation
__package__= gwsurrogate.new
lal.MSUN_SI != Msun
__name__ = gwsurrogate.new.spline_evaluation
__package__= gwsurrogate.new
lal.MSUN_SI != Msun
__name__ = gwsurrogate.new.spline_evaluation
__package__= gwsurrogate.new
lal.MSUN_SI != Msun
__name__ = gwsurrogate.new.spline_evaluation
__package__= gwsurrogate.new
lal.MSUN_SI != Msun
__name__ = gwsurrogate.new.spline_evaluation
__package__= gwsurrogate.new
Generated grid in 277.7747497558594 seconds.
