000 (201954823.000.000) 2026-03-19 08:23:09 Job submitted from host: <10.14.0.160:9618?addrs=10.14.0.160-9618&alias=ldas-pcdev2.ligo.caltech.edu&noUDP&sock=schedd_4243_ec6e>
...
001 (201954823.000.000) 2026-03-19 08:24:35 Job executing on host: <10.14.4.5:9618?addrs=10.14.4.5-9618&alias=node755.cluster.ldas.cit&noUDP&sock=startd_2466_0ca3>
	SlotName: slot1_8@node755.cluster.ldas.cit
	CondorScratchDir = "/var/lib/condor/execute/dir_3022944"
	Cpus = 1
	Disk = 1048576
	GPUs = 0
	Memory = 16384
...
006 (201954823.000.000) 2026-03-19 08:24:44 Image size of job updated: 68492
	67  -  MemoryUsage of job (MB)
	68492  -  ResidentSetSize of job (KB)
...
006 (201954823.000.000) 2026-03-19 08:29:45 Image size of job updated: 449548
	431  -  MemoryUsage of job (MB)
	441132  -  ResidentSetSize of job (KB)
...
006 (201954823.000.000) 2026-03-19 08:34:46 Image size of job updated: 589024
	497  -  MemoryUsage of job (MB)
	508204  -  ResidentSetSize of job (KB)
...
006 (201954823.000.000) 2026-03-19 08:39:46 Image size of job updated: 644744
	562  -  MemoryUsage of job (MB)
	575352  -  ResidentSetSize of job (KB)
...
006 (201954823.000.000) 2026-03-19 08:44:47 Image size of job updated: 644744
	567  -  MemoryUsage of job (MB)
	580480  -  ResidentSetSize of job (KB)
...
006 (201954823.000.000) 2026-03-19 08:54:48 Image size of job updated: 645880
	570  -  MemoryUsage of job (MB)
	583508  -  ResidentSetSize of job (KB)
...
006 (201954823.000.000) 2026-03-19 08:59:48 Image size of job updated: 663688
	572  -  MemoryUsage of job (MB)
	585560  -  ResidentSetSize of job (KB)
...
006 (201954823.000.000) 2026-03-19 09:09:49 Image size of job updated: 663688
	577  -  MemoryUsage of job (MB)
	590728  -  ResidentSetSize of job (KB)
...
006 (201954823.000.000) 2026-03-19 09:14:49 Image size of job updated: 663688
	581  -  MemoryUsage of job (MB)
	594832  -  ResidentSetSize of job (KB)
...
006 (201954823.000.000) 2026-03-19 09:29:51 Image size of job updated: 663688
	581  -  MemoryUsage of job (MB)
	594908  -  ResidentSetSize of job (KB)
...
006 (201954823.000.000) 2026-03-19 09:34:51 Image size of job updated: 663688
	585  -  MemoryUsage of job (MB)
	599028  -  ResidentSetSize of job (KB)
...
006 (201954823.000.000) 2026-03-19 09:39:52 Image size of job updated: 684468
	585  -  MemoryUsage of job (MB)
	599028  -  ResidentSetSize of job (KB)
...
006 (201954823.000.000) 2026-03-19 09:44:53 Image size of job updated: 689592
	585  -  MemoryUsage of job (MB)
	599028  -  ResidentSetSize of job (KB)
...
006 (201954823.000.000) 2026-03-19 10:34:57 Image size of job updated: 689592
	589  -  MemoryUsage of job (MB)
	602376  -  ResidentSetSize of job (KB)
...
006 (201954823.000.000) 2026-03-19 10:59:59 Image size of job updated: 689592
	652  -  MemoryUsage of job (MB)
	667292  -  ResidentSetSize of job (KB)
...
006 (201954823.000.000) 2026-03-19 11:35:02 Image size of job updated: 689592
	656  -  MemoryUsage of job (MB)
	670744  -  ResidentSetSize of job (KB)
...
006 (201954823.000.000) 2026-03-19 12:25:08 Image size of job updated: 703124
	656  -  MemoryUsage of job (MB)
	670744  -  ResidentSetSize of job (KB)
...
006 (201954823.000.000) 2026-03-19 13:20:13 Image size of job updated: 703124
	661  -  MemoryUsage of job (MB)
	676336  -  ResidentSetSize of job (KB)
...
006 (201954823.000.000) 2026-03-19 18:40:45 Image size of job updated: 704300
	661  -  MemoryUsage of job (MB)
	676336  -  ResidentSetSize of job (KB)
...
006 (201954823.000.000) 2026-03-19 18:55:47 Image size of job updated: 704300
	665  -  MemoryUsage of job (MB)
	680780  -  ResidentSetSize of job (KB)
...
006 (201954823.000.000) 2026-03-19 22:41:10 Image size of job updated: 705316
	665  -  MemoryUsage of job (MB)
	680780  -  ResidentSetSize of job (KB)
...
005 (201954823.000.000) 2026-03-20 00:24:20 Job terminated.
	(1) Normal termination (return value 0)
		Usr 0 14:28:33, Sys 0 00:18:21  -  Run Remote Usage
		Usr 0 00:00:00, Sys 0 00:00:00  -  Run Local Usage
		Usr 0 14:28:33, Sys 0 00:18:21  -  Total Remote Usage
		Usr 0 00:00:00, Sys 0 00:00:00  -  Total Local Usage
	0  -  Run Bytes Sent By Job
	0  -  Run Bytes Received By Job
	0  -  Total Bytes Sent By Job
	0  -  Total Bytes Received By Job
	Partitionable Resources :    Usage  Request Allocated 
	   Cpus                 :                 1         1 
	   Disk (KB)            :    17500  1048576   1048576 
	   GPUs                 :                           0 
	   Memory (MB)          :      665    16384     16384 
	   TimeExecute (s)      :    57585                    
	   TimeSlotBusy (s)     :    57586                    
...
