000 (46484.000.000) 2024-06-03 08:42:55 Job submitted from host: <10.14.0.65:9618?addrs=10.14.0.65-9618&alias=jupyter4.ligo.caltech.edu&noUDP&sock=schedd_2390_eb70>
...
001 (46484.000.000) 2024-06-03 08:47:04 Job executing on host: <10.14.9.176:9618?addrs=10.14.9.176-9618&alias=node2176.cluster.ldas.cit&noUDP&sock=startd_3529_2dcf>
	SlotName: slot1_1@node2176.cluster.ldas.cit
	CondorScratchDir = "/local/condor/execute/dir_2125201"
	Cpus = 16
	Disk = 1150180
	GPUs = 0
	Memory = 16384
...
006 (46484.000.000) 2024-06-03 08:47:13 Image size of job updated: 252392
	246  -  MemoryUsage of job (MB)
	251644  -  ResidentSetSize of job (KB)
...
006 (46484.000.000) 2024-06-03 08:52:14 Image size of job updated: 1538252
	1478  -  MemoryUsage of job (MB)
	1512720  -  ResidentSetSize of job (KB)
...
006 (46484.000.000) 2024-06-03 08:57:15 Image size of job updated: 1584060
	1497  -  MemoryUsage of job (MB)
	1532924  -  ResidentSetSize of job (KB)
...
006 (46484.000.000) 2024-06-03 09:02:15 Image size of job updated: 1609212
	1572  -  MemoryUsage of job (MB)
	1608928  -  ResidentSetSize of job (KB)
...
022 (46484.000.000) 2024-06-03 09:07:33 Job disconnected, attempting to reconnect
    Socket between submit and execute hosts closed unexpectedly
    Trying to reconnect to slot1_1@node2176.cluster.ldas.cit <10.14.9.176:9618?addrs=10.14.9.176-9618&alias=node2176.cluster.ldas.cit&noUDP&sock=startd_3529_2dcf>
...
023 (46484.000.000) 2024-06-03 09:07:33 Job reconnected to slot1_1@node2176.cluster.ldas.cit
    startd address: <10.14.9.176:9618?addrs=10.14.9.176-9618&alias=node2176.cluster.ldas.cit&noUDP&sock=startd_3529_2dcf>
    starter address: <10.14.9.176:9618?addrs=10.14.9.176-9618&alias=node2176.cluster.ldas.cit&noUDP&sock=slot1_1_3594_0c4b_44588>
...
006 (46484.000.000) 2024-06-03 09:23:29 Image size of job updated: 1618860
	1572  -  MemoryUsage of job (MB)
	1608928  -  ResidentSetSize of job (KB)
...
006 (46484.000.000) 2024-06-03 09:36:14 Image size of job updated: 1666592
	1572  -  MemoryUsage of job (MB)
	1608928  -  ResidentSetSize of job (KB)
...
005 (46484.000.000) 2024-06-03 09:42:02 Job terminated.
	(1) Normal termination (return value 0)
		Usr 1 06:11:39, Sys 0 00:09:10  -  Run Remote Usage
		Usr 0 00:00:00, Sys 0 00:00:00  -  Run Local Usage
		Usr 1 06:11:39, Sys 0 00:09:10  -  Total Remote Usage
		Usr 0 00:00:00, Sys 0 00:00:00  -  Total Local Usage
	0  -  Run Bytes Sent By Job
	0  -  Run Bytes Received By Job
	0  -  Total Bytes Sent By Job
	0  -  Total Bytes Received By Job
	Partitionable Resources :    Usage  Request Allocated 
	   Cpus                 :    39.77       16        16 
	   Disk (KB)            : 17500     1048576   1150180 
	   GPUs                 :                           0 
	   Memory (MB)          :  1572       16384     16384 
	   TimeExecute (s)      :  3298                       
	   TimeSlotBusy (s)     :  3298                       

	Job terminated of its own accord at 2024-06-03T16:42:02Z with exit-code 0.
...
